#-----------------------------------------------------------
# Vivado v2019.2 (64-bit)
# SW Build 2708876 on Wed Nov  6 21:40:23 MST 2019
# IP Build 2700528 on Thu Nov  7 00:09:20 MST 2019
# Start of session at: Thu Nov 10 02:06:04 2022
# Process ID: 14964
# Current directory: C:/Users/001/Desktop/apb_aes_des/E203_Zynq_7010
# Command line: vivado.exe -gui_launcher_event rodinguilauncherevent22392 C:\Users\001\Desktop\apb_aes_des\E203_Zynq_7010\E203_Zynq_7010.xpr
# Log file: C:/Users/001/Desktop/apb_aes_des/E203_Zynq_7010/vivado.log
# Journal file: C:/Users/001/Desktop/apb_aes_des/E203_Zynq_7010\vivado.jou
#-----------------------------------------------------------
start_gui
open_project C:/Users/001/Desktop/apb_aes_des/E203_Zynq_7010/E203_Zynq_7010.xpr
INFO: [Project 1-313] Project file moved from 'E:/BaiduNetdiskDownload/E203_P2/E203_Zynq_7010' since last save.
WARNING: [Project 1-312] File not found as 'C:/Users/001/Desktop/apb_aes_des/XDC/E203_ZYNQ_7010.xdc'; using path 'E:/BaiduNetdiskDownload/E203_P2/XDC/E203_ZYNQ_7010.xdc' instead.
WARNING: [Project 1-312] File not found as 'C:/Users/001/Desktop/apb_aes_des/E203_SIM/e203_tb_top.v'; using path 'E:/BaiduNetdiskDownload/E203_P2/E203_SIM/e203_tb_top.v' instead.
Scanning sources...
Finished scanning sources
WARNING: [Project 1-312] File not found as 'C:/Users/001/Desktop/apb_aes_des/XDC/E203_ZYNQ_7010.xdc'; using path 'E:/BaiduNetdiskDownload/E203_P2/XDC/E203_ZYNQ_7010.xdc' instead.
WARNING: [Project 1-312] File not found as 'C:/Users/001/Desktop/apb_aes_des/XDC/E203_ZYNQ_7010.xdc'; using path 'E:/BaiduNetdiskDownload/E203_P2/XDC/E203_ZYNQ_7010.xdc' instead.
INFO: [IP_Flow 19-234] Refreshing IP repositories
INFO: [IP_Flow 19-1704] No user IP repositories specified
INFO: [IP_Flow 19-2313] Loaded Vivado IP repository 'E:/software/VIVADO/Vivado/2019.2/data/ip'.
WARNING: [IP_Flow 19-2162] IP 'PLL' is locked:
* Current project part 'xc7a35tfgg484-2' and the part 'xc7z010clg400-2' used to customize the IP 'PLL' do not match.
update_compile_order -fileset sources_1
exit
INFO: [Common 17-206] Exiting Vivado at Thu Nov 10 02:34:53 2022...
