Copyright 1986-2018 Xilinx, Inc. All Rights Reserved.
------------------------------------------------------------------------------------------
| Tool Version : Vivado v.2018.3 (win64) Build 2405991 Thu Dec  6 23:38:27 MST 2018
| Date         : Thu Apr  2 10:44:24 2020
| Host         : USER-20180123QP running 64-bit Service Pack 1  (build 7601)
| Command      : report_clock_utilization -file eth_udp_loop_clock_utilization_routed.rpt
| Design       : eth_udp_loop
| Device       : 7z020-clg400
| Speed File   : -2  PRODUCTION 1.11 2014-09-11
------------------------------------------------------------------------------------------

Clock Utilization Report

Table of Contents
-----------------
1. Clock Primitive Utilization
2. Global Clock Resources
3. Global Clock Source Details
4. Clock Regions: Key Resource Utilization
5. Clock Regions : Global Clock Summary
6. Device Cell Placement Summary for Global Clock g0
7. Device Cell Placement Summary for Global Clock g1
8. Device Cell Placement Summary for Global Clock g2
9. Clock Region Cell Placement per Global Clock: Region X1Y1
10. Clock Region Cell Placement per Global Clock: Region X1Y2

1. Clock Primitive Utilization
------------------------------

+----------+------+-----------+-----+--------------+--------+
| Type     | Used | Available | LOC | Clock Region | Pblock |
+----------+------+-----------+-----+--------------+--------+
| BUFGCTRL |    3 |        32 |   0 |            0 |      0 |
| BUFH     |    0 |        72 |   0 |            0 |      0 |
| BUFIO    |    1 |        16 |   1 |            0 |      0 |
| BUFMR    |    0 |         8 |   0 |            0 |      0 |
| BUFR     |    0 |        16 |   0 |            0 |      0 |
| MMCM     |    1 |         4 |   0 |            0 |      0 |
| PLL      |    0 |         4 |   0 |            0 |      0 |
+----------+------+-----------+-----+--------------+--------+


2. Global Clock Resources
-------------------------

+-----------+-----------+-----------------+------------+----------------+--------------+-------------------+-------------+-----------------+--------------+------------------+----------------------------------------+--------------------------------------+
| Global Id | Source Id | Driver Type/Pin | Constraint | Site           | Clock Region | Load Clock Region | Clock Loads | Non-Clock Loads | Clock Period | Clock            | Driver Pin                             | Net                                  |
+-----------+-----------+-----------------+------------+----------------+--------------+-------------------+-------------+-----------------+--------------+------------------+----------------------------------------+--------------------------------------+
| g0        | src0      | BUFG/O          | None       | BUFGCTRL_X0Y16 | n/a          |                 1 |         980 |               1 |        8.000 | eth_rxc          | u_gmii_to_rgmii/u_rgmii_rx/BUFG_inst/O | u_gmii_to_rgmii/u_rgmii_rx/rgmii_txc |
| g1        | src1      | BUFG/O          | None       | BUFGCTRL_X0Y17 | n/a          |                 1 |           1 |               0 |        5.000 | clk_out1_clk_wiz | u_clk_wiz/inst/clkout1_buf/O           | u_clk_wiz/inst/clk_out1              |
| g2        | src1      | BUFG/O          | None       | BUFGCTRL_X0Y18 | n/a          |                 1 |           1 |               0 |       20.000 | clkfbout_clk_wiz | u_clk_wiz/inst/clkf_buf/O              | u_clk_wiz/inst/clkfbout_buf_clk_wiz  |
+-----------+-----------+-----------------+------------+----------------+--------------+-------------------+-------------+-----------------+--------------+------------------+----------------------------------------+--------------------------------------+
* Clock Loads column represents the clock pin loads (pin count)
** Non-Clock Loads column represents the non-clock pin loads (pin count)


3. Global Clock Source Details
------------------------------

+-----------+-----------+---------------------+------------+-----------------+--------------+-------------+-----------------+---------------------+------------------+---------------------------------------+---------------------------------+
| Source Id | Global Id | Driver Type/Pin     | Constraint | Site            | Clock Region | Clock Loads | Non-Clock Loads | Source Clock Period | Source Clock     | Driver Pin                            | Net                             |
+-----------+-----------+---------------------+------------+-----------------+--------------+-------------+-----------------+---------------------+------------------+---------------------------------------+---------------------------------+
| src0      | g0,       | IBUF/O              | IOB_X1Y126 | IOB_X1Y126      | X1Y2         |           2 |               0 |               8.000 | eth_rxc          | eth_rxc_IBUF_inst/O                   | eth_rxc_IBUF                    |
| src1      | g1        | MMCME2_ADV/CLKOUT0  | None       | MMCME2_ADV_X1Y1 | X1Y1         |           1 |               0 |               5.000 | clk_out1_clk_wiz | u_clk_wiz/inst/mmcm_adv_inst/CLKOUT0  | u_clk_wiz/inst/clk_out1_clk_wiz |
| src1      | g2        | MMCME2_ADV/CLKFBOUT | None       | MMCME2_ADV_X1Y1 | X1Y1         |           1 |               0 |              20.000 | clkfbout_clk_wiz | u_clk_wiz/inst/mmcm_adv_inst/CLKFBOUT | u_clk_wiz/inst/clkfbout_clk_wiz |
+-----------+-----------+---------------------+------------+-----------------+--------------+-------------+-----------------+---------------------+------------------+---------------------------------------+---------------------------------+
* Clock Loads column represents the clock pin loads (pin count)
** Non-Clock Loads column represents the non-clock pin loads (pin count)


4. Clock Regions: Key Resource Utilization
------------------------------------------

+-------------------+--------------+--------------+--------------+--------------+--------------+--------------+--------------+--------------+--------------+--------------+--------------+--------------+--------------+--------------+--------------+
|                   | Global Clock |     BUFRs    |    BUFMRs    |    BUFIOs    |     MMCM     |      PLL     |      GT      |      PCI     |    ILOGIC    |    OLOGIC    |      FF      |     LUTM     |    RAMB18    |    RAMB36    |    DSP48E2   |
+-------------------+------+-------+------+-------+------+-------+------+-------+------+-------+------+-------+------+-------+------+-------+------+-------+------+-------+------+-------+------+-------+------+-------+------+-------+------+-------+
| Clock Region Name | Used | Avail | Used | Avail | Used | Avail | Used | Avail | Used | Avail | Used | Avail | Used | Avail | Used | Avail | Used | Avail | Used | Avail | Used | Avail | Used | Avail | Used | Avail | Used | Avail | Used | Avail |
+-------------------+------+-------+------+-------+------+-------+------+-------+------+-------+------+-------+------+-------+------+-------+------+-------+------+-------+------+-------+------+-------+------+-------+------+-------+------+-------+
| X0Y0              |    0 |    12 |    0 |     4 |    0 |     2 |    0 |     4 |    0 |     1 |    0 |     1 |    0 |     0 |    0 |     0 |    0 |    50 |    0 |    50 |    0 |  2500 |    0 |  1000 |    0 |    60 |    0 |    30 |    0 |    60 |
| X1Y0              |    0 |    12 |    0 |     4 |    0 |     2 |    0 |     4 |    0 |     1 |    0 |     1 |    0 |     0 |    0 |     0 |    0 |    50 |    0 |    50 |    0 |  3200 |    0 |   850 |    0 |    60 |    0 |    30 |    0 |    40 |
| X0Y1              |    0 |    12 |    0 |     0 |    0 |     0 |    0 |     0 |    0 |     0 |    0 |     0 |    0 |     0 |    0 |     0 |    0 |     0 |    0 |     0 |    0 |  1200 |    0 |   400 |    0 |    20 |    0 |    10 |    0 |    20 |
| X1Y1              |    1 |    12 |    0 |     4 |    0 |     2 |    0 |     4 |    1 |     1 |    0 |     1 |    0 |     0 |    0 |     0 |    0 |    50 |    0 |    50 |    0 |  2600 |    0 |   850 |    0 |    60 |    0 |    30 |    0 |    40 |
| X0Y2              |    0 |    12 |    0 |     0 |    0 |     0 |    0 |     0 |    0 |     0 |    0 |     0 |    0 |     0 |    0 |     0 |    0 |     0 |    0 |     0 |    0 |  1200 |    0 |   400 |    0 |    20 |    0 |    10 |    0 |    20 |
| X1Y2              |    3 |    12 |    0 |     4 |    0 |     2 |    1 |     4 |    0 |     1 |    0 |     1 |    0 |     0 |    0 |     0 |    5 |    50 |    5 |    50 |  971 |  2600 |  403 |   850 |    0 |    60 |    2 |    30 |    0 |    40 |
+-------------------+------+-------+------+-------+------+-------+------+-------+------+-------+------+-------+------+-------+------+-------+------+-------+------+-------+------+-------+------+-------+------+-------+------+-------+------+-------+
* Global Clock column represents track count; while other columns represents cell counts


5. Clock Regions : Global Clock Summary
---------------------------------------

All Modules
+----+----+----+
|    | X0 | X1 |
+----+----+----+
| Y2 |  0 |  3 |
| Y1 |  0 |  1 |
| Y0 |  0 |  0 |
+----+----+----+


6. Device Cell Placement Summary for Global Clock g0
----------------------------------------------------

+-----------+-----------------+-------------------+---------+-------------+---------------+-------------+----------+----------------+----------+--------------------------------------+
| Global Id | Driver Type/Pin | Driver Region (D) | Clock   | Period (ns) | Waveform (ns) | Slice Loads | IO Loads | Clocking Loads | GT Loads | Net                                  |
+-----------+-----------------+-------------------+---------+-------------+---------------+-------------+----------+----------------+----------+--------------------------------------+
| g0        | BUFG/O          | n/a               | eth_rxc |       8.000 | {0.000 4.000} |         978 |        1 |              0 |        0 | u_gmii_to_rgmii/u_rgmii_rx/rgmii_txc |
+-----------+-----------------+-------------------+---------+-------------+---------------+-------------+----------+----------------+----------+--------------------------------------+
* Logic Loads column represents load cell count of all cell types other than IO, GT and clock resources
** IO Loads column represents load cell count of IO types
*** Clocking Loads column represents load cell count that are clock resources (global clock buffer, MMCM, PLL, etc)
**** GT Loads column represents load cell count of GT types


+----+----+------+
|    | X0 | X1   |
+----+----+------+
| Y2 |  0 |  979 |
| Y1 |  0 |    0 |
| Y0 |  0 |    0 |
+----+----+------+


7. Device Cell Placement Summary for Global Clock g1
----------------------------------------------------

+-----------+-----------------+-------------------+------------------+-------------+---------------+-------------+----------+----------------+----------+-------------------------+
| Global Id | Driver Type/Pin | Driver Region (D) | Clock            | Period (ns) | Waveform (ns) | Slice Loads | IO Loads | Clocking Loads | GT Loads | Net                     |
+-----------+-----------------+-------------------+------------------+-------------+---------------+-------------+----------+----------------+----------+-------------------------+
| g1        | BUFG/O          | n/a               | clk_out1_clk_wiz |       5.000 | {0.000 2.500} |           1 |        0 |              0 |        0 | u_clk_wiz/inst/clk_out1 |
+-----------+-----------------+-------------------+------------------+-------------+---------------+-------------+----------+----------------+----------+-------------------------+
* Logic Loads column represents load cell count of all cell types other than IO, GT and clock resources
** IO Loads column represents load cell count of IO types
*** Clocking Loads column represents load cell count that are clock resources (global clock buffer, MMCM, PLL, etc)
**** GT Loads column represents load cell count of GT types


+----+----+----+
|    | X0 | X1 |
+----+----+----+
| Y2 |  0 |  1 |
| Y1 |  0 |  0 |
| Y0 |  0 |  0 |
+----+----+----+


8. Device Cell Placement Summary for Global Clock g2
----------------------------------------------------

+-----------+-----------------+-------------------+------------------+-------------+----------------+-------------+----------+----------------+----------+-------------------------------------+
| Global Id | Driver Type/Pin | Driver Region (D) | Clock            | Period (ns) | Waveform (ns)  | Slice Loads | IO Loads | Clocking Loads | GT Loads | Net                                 |
+-----------+-----------------+-------------------+------------------+-------------+----------------+-------------+----------+----------------+----------+-------------------------------------+
| g2        | BUFG/O          | n/a               | clkfbout_clk_wiz |      20.000 | {0.000 10.000} |           0 |        0 |              1 |        0 | u_clk_wiz/inst/clkfbout_buf_clk_wiz |
+-----------+-----------------+-------------------+------------------+-------------+----------------+-------------+----------+----------------+----------+-------------------------------------+
* Logic Loads column represents load cell count of all cell types other than IO, GT and clock resources
** IO Loads column represents load cell count of IO types
*** Clocking Loads column represents load cell count that are clock resources (global clock buffer, MMCM, PLL, etc)
**** GT Loads column represents load cell count of GT types


+----+----+----+
|    | X0 | X1 |
+----+----+----+
| Y2 |  0 |  0 |
| Y1 |  0 |  1 |
| Y0 |  0 |  0 |
+----+----+----+


9. Clock Region Cell Placement per Global Clock: Region X1Y1
------------------------------------------------------------

+-----------+-------+-----------------+------------+-------------+-----------------+----+--------+------+-----+----+------+-----+---------+-------------------------------------+
| Global Id | Track | Driver Type/Pin | Constraint | Clock Loads | Non-Clock Loads | FF | LUTRAM | RAMB | DSP | GT | MMCM | PLL | Hard IP | Net                                 |
+-----------+-------+-----------------+------------+-------------+-----------------+----+--------+------+-----+----+------+-----+---------+-------------------------------------+
| g2        | n/a   | BUFG/O          | None       |           1 |               0 |  0 |      0 |    0 |   0 |  0 |    1 |   0 |       0 | u_clk_wiz/inst/clkfbout_buf_clk_wiz |
+-----------+-------+-----------------+------------+-------------+-----------------+----+--------+------+-----+----+------+-----+---------+-------------------------------------+
* Clock Loads column represents the clock pin loads (pin count)
** Non-Clock Loads column represents the non-clock pin loads (pin count)
*** Columns FF, LUTRAM, RAMB through 'Hard IP' represents load cell counts


10. Clock Region Cell Placement per Global Clock: Region X1Y2
-------------------------------------------------------------

+-----------+-------+-----------------+------------+-------------+-----------------+-----+--------+------+-----+----+------+-----+---------+--------------------------------------+
| Global Id | Track | Driver Type/Pin | Constraint | Clock Loads | Non-Clock Loads | FF  | LUTRAM | RAMB | DSP | GT | MMCM | PLL | Hard IP | Net                                  |
+-----------+-------+-----------------+------------+-------------+-----------------+-----+--------+------+-----+----+------+-----+---------+--------------------------------------+
| g0        | n/a   | BUFG/O          | None       |         978 |               1 | 971 |      0 |    2 |   0 |  0 |    0 |   0 |       0 | u_gmii_to_rgmii/u_rgmii_rx/rgmii_txc |
| g1        | n/a   | BUFG/O          | None       |           1 |               0 |   0 |      0 |    0 |   0 |  0 |    0 |   0 |       0 | u_clk_wiz/inst/clk_out1              |
+-----------+-------+-----------------+------------+-------------+-----------------+-----+--------+------+-----+----+------+-----+---------+--------------------------------------+
* Clock Loads column represents the clock pin loads (pin count)
** Non-Clock Loads column represents the non-clock pin loads (pin count)
*** Columns FF, LUTRAM, RAMB through 'Hard IP' represents load cell counts



# Location of BUFG Primitives 
set_property LOC BUFGCTRL_X0Y16 [get_cells u_gmii_to_rgmii/u_rgmii_rx/BUFG_inst]
set_property LOC BUFGCTRL_X0Y18 [get_cells u_clk_wiz/inst/clkf_buf]
set_property LOC BUFGCTRL_X0Y17 [get_cells u_clk_wiz/inst/clkout1_buf]

# Location of BUFIO Primitives 
set_property LOC BUFIO_X1Y10 [get_cells u_gmii_to_rgmii/u_rgmii_rx/BUFIO_inst]

# Location of IO Primitives which is load of clock spine
set_property LOC IOB_X1Y114 [get_cells eth_txc_OBUF_inst]

# Location of clock ports
set_property LOC IOB_X1Y126 [get_ports eth_rxc]
set_property LOC IOB_X1Y76 [get_ports sys_clk]

# Clock net "u_gmii_to_rgmii/u_rgmii_rx/rgmii_txc" driven by instance "u_gmii_to_rgmii/u_rgmii_rx/BUFG_inst" located at site "BUFGCTRL_X0Y16"
#startgroup
create_pblock {CLKAG_u_gmii_to_rgmii/u_rgmii_rx/rgmii_txc}
add_cells_to_pblock [get_pblocks  {CLKAG_u_gmii_to_rgmii/u_rgmii_rx/rgmii_txc}] [get_cells -filter { PRIMITIVE_GROUP != I/O && IS_PRIMITIVE==1 && PRIMITIVE_LEVEL !=INTERNAL && NAME!=eth_txc_OBUF_inst} -of_object [get_pins -filter {DIRECTION==IN} -of_objects [get_nets -hierarchical -filter {PARENT=="u_gmii_to_rgmii/u_rgmii_rx/rgmii_txc"}]]]
resize_pblock [get_pblocks {CLKAG_u_gmii_to_rgmii/u_rgmii_rx/rgmii_txc}] -add {CLOCKREGION_X1Y2:CLOCKREGION_X1Y2}
#endgroup

# Clock net "u_clk_wiz/inst/clk_out1" driven by instance "u_clk_wiz/inst/clkout1_buf" located at site "BUFGCTRL_X0Y17"
#startgroup
create_pblock {CLKAG_u_clk_wiz/inst/clk_out1}
add_cells_to_pblock [get_pblocks  {CLKAG_u_clk_wiz/inst/clk_out1}] [get_cells -filter { PRIMITIVE_GROUP != I/O && IS_PRIMITIVE==1 && PRIMITIVE_LEVEL !=INTERNAL } -of_object [get_pins -filter {DIRECTION==IN} -of_objects [get_nets -hierarchical -filter {PARENT=="u_clk_wiz/inst/clk_out1"}]]]
resize_pblock [get_pblocks {CLKAG_u_clk_wiz/inst/clk_out1}] -add {CLOCKREGION_X1Y2:CLOCKREGION_X1Y2}
#endgroup
