#-----------------------------------------------------------
# Vivado v2019.2 (64-bit)
# SW Build 2708876 on Wed Nov  6 21:40:23 MST 2019
# IP Build 2700528 on Thu Nov  7 00:09:20 MST 2019
# Start of session at: Thu Nov 10 01:58:30 2022
# Process ID: 17496
# Current directory: C:/Users/001/Desktop/eth_aes_des
# Command line: vivado.exe -gui_launcher_event rodinguilauncherevent13012 C:\Users\001\Desktop\eth_aes_des\eth_udp_loop.xpr
# Log file: C:/Users/001/Desktop/eth_aes_des/vivado.log
# Journal file: C:/Users/001/Desktop/eth_aes_des\vivado.jou
#-----------------------------------------------------------
start_gui
open_project C:/Users/001/Desktop/eth_aes_des/eth_udp_loop.xpr
INFO: [Project 1-313] Project file moved from 'C:/Users/001/Desktop/40_eth_udp_loop' since last save.
WARNING: [Project 1-312] File not found as 'C:/Users/001/Desktop/eth_aes_des/eth_udp_loop.srcs/sources_1/new/arp/arp.v'; using path 'C:/Users/001/Desktop/40_eth_udp_loop/eth_udp_loop.srcs/sources_1/new/arp/arp.v' instead.
WARNING: [Project 1-312] File not found as 'C:/Users/001/Desktop/eth_aes_des/eth_udp_loop.srcs/sources_1/new/arp/arp_rx.v'; using path 'C:/Users/001/Desktop/40_eth_udp_loop/eth_udp_loop.srcs/sources_1/new/arp/arp_rx.v' instead.
WARNING: [Project 1-312] File not found as 'C:/Users/001/Desktop/eth_aes_des/eth_udp_loop.srcs/sources_1/new/arp/arp_tx.v'; using path 'C:/Users/001/Desktop/40_eth_udp_loop/eth_udp_loop.srcs/sources_1/new/arp/arp_tx.v' instead.
WARNING: [Project 1-312] File not found as 'C:/Users/001/Desktop/eth_aes_des/eth_udp_loop.srcs/sources_1/new/arp/crc32_d8.v'; using path 'C:/Users/001/Desktop/40_eth_udp_loop/eth_udp_loop.srcs/sources_1/new/arp/crc32_d8.v' instead.
WARNING: [Project 1-312] File not found as 'C:/Users/001/Desktop/eth_aes_des/eth_udp_loop.srcs/sources_1/new/eth_ctrl.v'; using path 'C:/Users/001/Desktop/40_eth_udp_loop/eth_udp_loop.srcs/sources_1/new/eth_ctrl.v' instead.
WARNING: [Project 1-312] File not found as 'C:/Users/001/Desktop/eth_aes_des/eth_udp_loop.srcs/sources_1/new/gmii_to_rgmii/gmii_to_rgmii.v'; using path 'C:/Users/001/Desktop/40_eth_udp_loop/eth_udp_loop.srcs/sources_1/new/gmii_to_rgmii/gmii_to_rgmii.v' instead.
WARNING: [Project 1-312] File not found as 'C:/Users/001/Desktop/eth_aes_des/eth_udp_loop.srcs/sources_1/new/gmii_to_rgmii/rgmii_rx.v'; using path 'C:/Users/001/Desktop/40_eth_udp_loop/eth_udp_loop.srcs/sources_1/new/gmii_to_rgmii/rgmii_rx.v' instead.
WARNING: [Project 1-312] File not found as 'C:/Users/001/Desktop/eth_aes_des/eth_udp_loop.srcs/sources_1/new/gmii_to_rgmii/rgmii_tx.v'; using path 'C:/Users/001/Desktop/40_eth_udp_loop/eth_udp_loop.srcs/sources_1/new/gmii_to_rgmii/rgmii_tx.v' instead.
WARNING: [Project 1-312] File not found as 'C:/Users/001/Desktop/eth_aes_des/eth_udp_loop.srcs/sources_1/new/udp/udp.v'; using path 'C:/Users/001/Desktop/40_eth_udp_loop/eth_udp_loop.srcs/sources_1/new/udp/udp.v' instead.
WARNING: [Project 1-312] File not found as 'C:/Users/001/Desktop/eth_aes_des/eth_udp_loop.srcs/sources_1/new/udp/udp_rx.v'; using path 'C:/Users/001/Desktop/40_eth_udp_loop/eth_udp_loop.srcs/sources_1/new/udp/udp_rx.v' instead.
WARNING: [Project 1-312] File not found as 'C:/Users/001/Desktop/eth_aes_des/eth_udp_loop.srcs/sources_1/new/udp/udp_tx.v'; using path 'C:/Users/001/Desktop/40_eth_udp_loop/eth_udp_loop.srcs/sources_1/new/udp/udp_tx.v' instead.
WARNING: [Project 1-312] File not found as 'C:/Users/001/Desktop/eth_aes_des/eth_udp_loop.srcs/sources_1/new/eth_udp_loop.v'; using path 'C:/Users/001/Desktop/40_eth_udp_loop/eth_udp_loop.srcs/sources_1/new/eth_udp_loop.v' instead.
WARNING: [Project 1-312] File not found as 'C:/Users/001/Desktop/eth_aes_des/eth_udp_loop.srcs/sources_1/new/asd.v'; using path 'C:/Users/001/Desktop/40_eth_udp_loop/eth_udp_loop.srcs/sources_1/new/asd.v' instead.
Scanning sources...
Finished scanning sources
WARNING: [Project 1-312] File not found as 'C:/Users/001/Desktop/eth_aes_des/eth_udp_loop.srcs/sources_1/new/arp/arp.v'; using path 'C:/Users/001/Desktop/40_eth_udp_loop/eth_udp_loop.srcs/sources_1/new/arp/arp.v' instead.
WARNING: [Project 1-312] File not found as 'C:/Users/001/Desktop/eth_aes_des/eth_udp_loop.srcs/sources_1/new/arp/arp_rx.v'; using path 'C:/Users/001/Desktop/40_eth_udp_loop/eth_udp_loop.srcs/sources_1/new/arp/arp_rx.v' instead.
WARNING: [Project 1-312] File not found as 'C:/Users/001/Desktop/eth_aes_des/eth_udp_loop.srcs/sources_1/new/arp/arp_tx.v'; using path 'C:/Users/001/Desktop/40_eth_udp_loop/eth_udp_loop.srcs/sources_1/new/arp/arp_tx.v' instead.
WARNING: [Project 1-312] File not found as 'C:/Users/001/Desktop/eth_aes_des/eth_udp_loop.srcs/sources_1/new/arp/crc32_d8.v'; using path 'C:/Users/001/Desktop/40_eth_udp_loop/eth_udp_loop.srcs/sources_1/new/arp/crc32_d8.v' instead.
WARNING: [Project 1-312] File not found as 'C:/Users/001/Desktop/eth_aes_des/eth_udp_loop.srcs/sources_1/new/eth_ctrl.v'; using path 'C:/Users/001/Desktop/40_eth_udp_loop/eth_udp_loop.srcs/sources_1/new/eth_ctrl.v' instead.
WARNING: [Project 1-312] File not found as 'C:/Users/001/Desktop/eth_aes_des/eth_udp_loop.srcs/sources_1/new/gmii_to_rgmii/gmii_to_rgmii.v'; using path 'C:/Users/001/Desktop/40_eth_udp_loop/eth_udp_loop.srcs/sources_1/new/gmii_to_rgmii/gmii_to_rgmii.v' instead.
WARNING: [Project 1-312] File not found as 'C:/Users/001/Desktop/eth_aes_des/eth_udp_loop.srcs/sources_1/new/gmii_to_rgmii/rgmii_rx.v'; using path 'C:/Users/001/Desktop/40_eth_udp_loop/eth_udp_loop.srcs/sources_1/new/gmii_to_rgmii/rgmii_rx.v' instead.
WARNING: [Project 1-312] File not found as 'C:/Users/001/Desktop/eth_aes_des/eth_udp_loop.srcs/sources_1/new/gmii_to_rgmii/rgmii_tx.v'; using path 'C:/Users/001/Desktop/40_eth_udp_loop/eth_udp_loop.srcs/sources_1/new/gmii_to_rgmii/rgmii_tx.v' instead.
WARNING: [Project 1-312] File not found as 'C:/Users/001/Desktop/eth_aes_des/eth_udp_loop.srcs/sources_1/new/udp/udp.v'; using path 'C:/Users/001/Desktop/40_eth_udp_loop/eth_udp_loop.srcs/sources_1/new/udp/udp.v' instead.
WARNING: [Project 1-312] File not found as 'C:/Users/001/Desktop/eth_aes_des/eth_udp_loop.srcs/sources_1/new/udp/udp_rx.v'; using path 'C:/Users/001/Desktop/40_eth_udp_loop/eth_udp_loop.srcs/sources_1/new/udp/udp_rx.v' instead.
WARNING: [Project 1-312] File not found as 'C:/Users/001/Desktop/eth_aes_des/eth_udp_loop.srcs/sources_1/new/udp/udp_tx.v'; using path 'C:/Users/001/Desktop/40_eth_udp_loop/eth_udp_loop.srcs/sources_1/new/udp/udp_tx.v' instead.
WARNING: [Project 1-312] File not found as 'C:/Users/001/Desktop/eth_aes_des/eth_udp_loop.srcs/sources_1/new/eth_udp_loop.v'; using path 'C:/Users/001/Desktop/40_eth_udp_loop/eth_udp_loop.srcs/sources_1/new/eth_udp_loop.v' instead.
WARNING: [Project 1-312] File not found as 'C:/Users/001/Desktop/eth_aes_des/eth_udp_loop.srcs/sources_1/new/asd.v'; using path 'C:/Users/001/Desktop/40_eth_udp_loop/eth_udp_loop.srcs/sources_1/new/asd.v' instead.
WARNING: [Project 1-312] File not found as 'C:/Users/001/Desktop/eth_aes_des/eth_udp_loop.srcs/sources_1/new/arp/arp.v'; using path 'C:/Users/001/Desktop/40_eth_udp_loop/eth_udp_loop.srcs/sources_1/new/arp/arp.v' instead.
WARNING: [Project 1-312] File not found as 'C:/Users/001/Desktop/eth_aes_des/eth_udp_loop.srcs/sources_1/new/arp/arp_rx.v'; using path 'C:/Users/001/Desktop/40_eth_udp_loop/eth_udp_loop.srcs/sources_1/new/arp/arp_rx.v' instead.
WARNING: [Project 1-312] File not found as 'C:/Users/001/Desktop/eth_aes_des/eth_udp_loop.srcs/sources_1/new/arp/arp_tx.v'; using path 'C:/Users/001/Desktop/40_eth_udp_loop/eth_udp_loop.srcs/sources_1/new/arp/arp_tx.v' instead.
WARNING: [Project 1-312] File not found as 'C:/Users/001/Desktop/eth_aes_des/eth_udp_loop.srcs/sources_1/new/arp/crc32_d8.v'; using path 'C:/Users/001/Desktop/40_eth_udp_loop/eth_udp_loop.srcs/sources_1/new/arp/crc32_d8.v' instead.
WARNING: [Project 1-312] File not found as 'C:/Users/001/Desktop/eth_aes_des/eth_udp_loop.srcs/sources_1/new/eth_ctrl.v'; using path 'C:/Users/001/Desktop/40_eth_udp_loop/eth_udp_loop.srcs/sources_1/new/eth_ctrl.v' instead.
WARNING: [Project 1-312] File not found as 'C:/Users/001/Desktop/eth_aes_des/eth_udp_loop.srcs/sources_1/new/gmii_to_rgmii/gmii_to_rgmii.v'; using path 'C:/Users/001/Desktop/40_eth_udp_loop/eth_udp_loop.srcs/sources_1/new/gmii_to_rgmii/gmii_to_rgmii.v' instead.
WARNING: [Project 1-312] File not found as 'C:/Users/001/Desktop/eth_aes_des/eth_udp_loop.srcs/sources_1/new/gmii_to_rgmii/rgmii_rx.v'; using path 'C:/Users/001/Desktop/40_eth_udp_loop/eth_udp_loop.srcs/sources_1/new/gmii_to_rgmii/rgmii_rx.v' instead.
WARNING: [Project 1-312] File not found as 'C:/Users/001/Desktop/eth_aes_des/eth_udp_loop.srcs/sources_1/new/gmii_to_rgmii/rgmii_tx.v'; using path 'C:/Users/001/Desktop/40_eth_udp_loop/eth_udp_loop.srcs/sources_1/new/gmii_to_rgmii/rgmii_tx.v' instead.
WARNING: [Project 1-312] File not found as 'C:/Users/001/Desktop/eth_aes_des/eth_udp_loop.srcs/sources_1/new/udp/udp.v'; using path 'C:/Users/001/Desktop/40_eth_udp_loop/eth_udp_loop.srcs/sources_1/new/udp/udp.v' instead.
WARNING: [Project 1-312] File not found as 'C:/Users/001/Desktop/eth_aes_des/eth_udp_loop.srcs/sources_1/new/udp/udp_rx.v'; using path 'C:/Users/001/Desktop/40_eth_udp_loop/eth_udp_loop.srcs/sources_1/new/udp/udp_rx.v' instead.
WARNING: [Project 1-312] File not found as 'C:/Users/001/Desktop/eth_aes_des/eth_udp_loop.srcs/sources_1/new/udp/udp_tx.v'; using path 'C:/Users/001/Desktop/40_eth_udp_loop/eth_udp_loop.srcs/sources_1/new/udp/udp_tx.v' instead.
WARNING: [Project 1-312] File not found as 'C:/Users/001/Desktop/eth_aes_des/eth_udp_loop.srcs/sources_1/new/eth_udp_loop.v'; using path 'C:/Users/001/Desktop/40_eth_udp_loop/eth_udp_loop.srcs/sources_1/new/eth_udp_loop.v' instead.
WARNING: [Project 1-312] File not found as 'C:/Users/001/Desktop/eth_aes_des/eth_udp_loop.srcs/sources_1/new/asd.v'; using path 'C:/Users/001/Desktop/40_eth_udp_loop/eth_udp_loop.srcs/sources_1/new/asd.v' instead.
INFO: [IP_Flow 19-234] Refreshing IP repositories
INFO: [IP_Flow 19-1704] No user IP repositories specified
INFO: [IP_Flow 19-2313] Loaded Vivado IP repository 'E:/software/VIVADO/Vivado/2019.2/data/ip'.
open_project: Time (s): cpu = 00:00:11 ; elapsed = 00:00:05 . Memory (MB): peak = 983.367 ; gain = 231.918
update_compile_order -fileset sources_1
exit
INFO: [Common 17-206] Exiting Vivado at Thu Nov 10 02:34:46 2022...
