#-----------------------------------------------------------
# Vivado v2019.2 (64-bit)
# SW Build 2708876 on Wed Nov  6 21:40:23 MST 2019
# IP Build 2700528 on Thu Nov  7 00:09:20 MST 2019
# Start of session at: Wed Nov  9 01:10:32 2022
# Process ID: 1560
# Current directory: E:/BaiduNetdiskDownload/E203_P3/E203_Zynq_7010
# Command line: vivado.exe -gui_launcher_event rodinguilauncherevent16988 E:\BaiduNetdiskDownload\E203_P3\E203_Zynq_7010\E203_Zynq_7010.xpr
# Log file: E:/BaiduNetdiskDownload/E203_P3/E203_Zynq_7010/vivado.log
# Journal file: E:/BaiduNetdiskDownload/E203_P3/E203_Zynq_7010\vivado.jou
#-----------------------------------------------------------
start_gui
open_project E:/BaiduNetdiskDownload/E203_P3/E203_Zynq_7010/E203_Zynq_7010.xpr
Scanning sources...
Finished scanning sources
INFO: [IP_Flow 19-234] Refreshing IP repositories
INFO: [IP_Flow 19-1704] No user IP repositories specified
INFO: [IP_Flow 19-2313] Loaded Vivado IP repository 'E:/software/VIVADO/Vivado/2019.2/data/ip'.
WARNING: [IP_Flow 19-2162] IP 'PLL' is locked:
* Current project part 'xc7a35tfgg484-2' and the part 'xc7z010clg400-2' used to customize the IP 'PLL' do not match.
update_compile_order -fileset sources_1
reset_run synth_1
reset_run PLL_synth_1
launch_runs impl_1 -to_step write_bitstream -jobs 16
WARNING: [Project 1-577] IP run PLL_synth_1 is available but is out of date. Since the IP is locked, the synthesis checkpoint cannot be updated. The out-of-date checkpoint will be used and it may result in incorrect behavior.
Please select 'Report IP Status' from the 'Tools/Report' menu or run the Tcl command 'report_ip_status' for more information.
WARNING: [Runs 36-337] The following IPs are either missing output products or output products are not up-to-date for Synthesis target. Since these IPs are locked, no update to the output products can be done. 
Please select 'Report IP Status' from the 'Tools/Report' menu or run Tcl command 'report_ip_status' for more information.
E:/BaiduNetdiskDownload/E203_P3/E203_Zynq_7010/E203_Zynq_7010.srcs/sources_1/ip/PLL/PLL.xci

WARNING: [Runs 36-337] The following IPs are either missing output products or output products are not up-to-date for Implementation target. Since these IPs are locked, no update to the output products can be done. 
Please select 'Report IP Status' from the 'Tools/Report' menu or run Tcl command 'report_ip_status' for more information.
E:/BaiduNetdiskDownload/E203_P3/E203_Zynq_7010/E203_Zynq_7010.srcs/sources_1/ip/PLL/PLL.xci

WARNING: [Project 1-576] IP 'E:/BaiduNetdiskDownload/E203_P3/E203_Zynq_7010/E203_Zynq_7010.srcs/sources_1/ip/PLL/PLL.xci' in run PLL_synth_1 is locked, no out-of-context (OOC) run will be launched. The run may not be able to complete.
Please select 'Report IP Status' from 'Tools/Report' or run the Tcl command 'report_ip_status' for more information.
[Wed Nov  9 01:14:02 2022] Launched PLL_synth_1, synth_1...
Run output will be captured here:
PLL_synth_1: E:/BaiduNetdiskDownload/E203_P3/E203_Zynq_7010/E203_Zynq_7010.runs/PLL_synth_1/runme.log
synth_1: E:/BaiduNetdiskDownload/E203_P3/E203_Zynq_7010/E203_Zynq_7010.runs/synth_1/runme.log
[Wed Nov  9 01:14:02 2022] Launched impl_1...
Run output will be captured here: E:/BaiduNetdiskDownload/E203_P3/E203_Zynq_7010/E203_Zynq_7010.runs/impl_1/runme.log
open_run synth_1 -name synth_1
Design is defaulting to impl run constrset: constrs_1
Design is defaulting to synth run part: xc7a35tfgg484-2
INFO: [Device 21-403] Loading part xc7a35tfgg484-2
INFO: [Project 1-454] Reading design checkpoint 'e:/BaiduNetdiskDownload/E203_P3/E203_Zynq_7010/E203_Zynq_7010.srcs/sources_1/ip/PLL/PLL.dcp' for cell 'sys_clk_gen'
INFO: [Project 1-454] Reading design checkpoint 'e:/BaiduNetdiskDownload/E203_P3/E203_Zynq_7010/E203_Zynq_7010.srcs/sources_1/ip/clk_wiz/clk_wiz.dcp' for cell 'dut/u_e203_subsys_top/u_e203_subsys_main/u_e203_cpu_top/u_e203_cpu/u_e203_nice_core/u_eth_udp_loop/u_clk_wiz'
INFO: [Project 1-454] Reading design checkpoint 'e:/BaiduNetdiskDownload/E203_P3/E203_Zynq_7010/E203_Zynq_7010.srcs/sources_1/ip/fifo_generator_0/fifo_generator_0.dcp' for cell 'dut/u_e203_subsys_top/u_e203_subsys_main/u_e203_cpu_top/u_e203_cpu/u_e203_nice_core/u_eth_udp_loop/u_fifo_generator_0'
INFO: [Project 1-454] Reading design checkpoint 'e:/BaiduNetdiskDownload/E203_P3/E203_Zynq_7010/E203_Zynq_7010.srcs/sources_1/ip/sync_fifo_2048x32b/sync_fifo_2048x32b.dcp' for cell 'dut/u_e203_subsys_top/u_e203_subsys_main/u_e203_cpu_top/u_e203_cpu/u_e203_nice_core/u_eth_udp_loop/u_sync_fifo_2048x32b'
Netlist sorting complete. Time (s): cpu = 00:00:01 ; elapsed = 00:00:00.374 . Memory (MB): peak = 1549.012 ; gain = 0.000
INFO: [Netlist 29-17] Analyzing 1014 Unisim elements for replacement
INFO: [Netlist 29-28] Unisim Transformation completed in 0 CPU seconds
INFO: [Project 1-479] Netlist was created with Vivado 2019.2
INFO: [Project 1-570] Preparing netlist for logic optimization
WARNING: [Opt 31-32] Removing redundant IBUF since it is not being driven by a top-level port. dut/u_e203_subsys_top/u_e203_subsys_main/u_e203_cpu_top/u_e203_cpu/u_e203_nice_core/u_eth_udp_loop/u_clk_wiz/inst/clkin1_ibufg 
Resolution: The tool has removed redundant IBUF. To resolve this warning, check for redundant IBUF in the input design.
WARNING: [Constraints 18-550] Could not create 'IBUF_LOW_PWR' constraint because net 'dut/u_e203_subsys_top/u_e203_subsys_main/u_e203_cpu_top/u_e203_cpu/u_e203_nice_core/u_eth_udp_loop/u_clk_wiz/clk_in1' is not directly connected to top level port. Synthesis is ignored for IBUF_LOW_PWR but preserved for implementation.
Parsing XDC File [e:/BaiduNetdiskDownload/E203_P3/E203_Zynq_7010/E203_Zynq_7010.srcs/sources_1/ip/PLL/PLL_board.xdc] for cell 'sys_clk_gen/inst'
Finished Parsing XDC File [e:/BaiduNetdiskDownload/E203_P3/E203_Zynq_7010/E203_Zynq_7010.srcs/sources_1/ip/PLL/PLL_board.xdc] for cell 'sys_clk_gen/inst'
Parsing XDC File [e:/BaiduNetdiskDownload/E203_P3/E203_Zynq_7010/E203_Zynq_7010.srcs/sources_1/ip/PLL/PLL.xdc] for cell 'sys_clk_gen/inst'
INFO: [Timing 38-35] Done setting XDC timing constraints. [e:/BaiduNetdiskDownload/E203_P3/E203_Zynq_7010/E203_Zynq_7010.srcs/sources_1/ip/PLL/PLL.xdc:57]
INFO: [Timing 38-2] Deriving generated clocks [e:/BaiduNetdiskDownload/E203_P3/E203_Zynq_7010/E203_Zynq_7010.srcs/sources_1/ip/PLL/PLL.xdc:57]
get_clocks: Time (s): cpu = 00:00:07 ; elapsed = 00:00:06 . Memory (MB): peak = 2135.957 ; gain = 585.684
Finished Parsing XDC File [e:/BaiduNetdiskDownload/E203_P3/E203_Zynq_7010/E203_Zynq_7010.srcs/sources_1/ip/PLL/PLL.xdc] for cell 'sys_clk_gen/inst'
Parsing XDC File [e:/BaiduNetdiskDownload/E203_P3/E203_Zynq_7010/E203_Zynq_7010.srcs/sources_1/ip/clk_wiz/clk_wiz_board.xdc] for cell 'dut/u_e203_subsys_top/u_e203_subsys_main/u_e203_cpu_top/u_e203_cpu/u_e203_nice_core/u_eth_udp_loop/u_clk_wiz/inst'
Finished Parsing XDC File [e:/BaiduNetdiskDownload/E203_P3/E203_Zynq_7010/E203_Zynq_7010.srcs/sources_1/ip/clk_wiz/clk_wiz_board.xdc] for cell 'dut/u_e203_subsys_top/u_e203_subsys_main/u_e203_cpu_top/u_e203_cpu/u_e203_nice_core/u_eth_udp_loop/u_clk_wiz/inst'
Parsing XDC File [e:/BaiduNetdiskDownload/E203_P3/E203_Zynq_7010/E203_Zynq_7010.srcs/sources_1/ip/clk_wiz/clk_wiz.xdc] for cell 'dut/u_e203_subsys_top/u_e203_subsys_main/u_e203_cpu_top/u_e203_cpu/u_e203_nice_core/u_eth_udp_loop/u_clk_wiz/inst'
INFO: [Timing 38-2] Deriving generated clocks [e:/BaiduNetdiskDownload/E203_P3/E203_Zynq_7010/E203_Zynq_7010.srcs/sources_1/ip/clk_wiz/clk_wiz.xdc:57]
Finished Parsing XDC File [e:/BaiduNetdiskDownload/E203_P3/E203_Zynq_7010/E203_Zynq_7010.srcs/sources_1/ip/clk_wiz/clk_wiz.xdc] for cell 'dut/u_e203_subsys_top/u_e203_subsys_main/u_e203_cpu_top/u_e203_cpu/u_e203_nice_core/u_eth_udp_loop/u_clk_wiz/inst'
Parsing XDC File [e:/BaiduNetdiskDownload/E203_P3/E203_Zynq_7010/E203_Zynq_7010.srcs/sources_1/ip/fifo_generator_0/fifo_generator_0.xdc] for cell 'dut/u_e203_subsys_top/u_e203_subsys_main/u_e203_cpu_top/u_e203_cpu/u_e203_nice_core/u_eth_udp_loop/u_fifo_generator_0/U0'
Finished Parsing XDC File [e:/BaiduNetdiskDownload/E203_P3/E203_Zynq_7010/E203_Zynq_7010.srcs/sources_1/ip/fifo_generator_0/fifo_generator_0.xdc] for cell 'dut/u_e203_subsys_top/u_e203_subsys_main/u_e203_cpu_top/u_e203_cpu/u_e203_nice_core/u_eth_udp_loop/u_fifo_generator_0/U0'
Parsing XDC File [e:/BaiduNetdiskDownload/E203_P3/E203_Zynq_7010/E203_Zynq_7010.srcs/sources_1/ip/sync_fifo_2048x32b/sync_fifo_2048x32b.xdc] for cell 'dut/u_e203_subsys_top/u_e203_subsys_main/u_e203_cpu_top/u_e203_cpu/u_e203_nice_core/u_eth_udp_loop/u_sync_fifo_2048x32b/U0'
Finished Parsing XDC File [e:/BaiduNetdiskDownload/E203_P3/E203_Zynq_7010/E203_Zynq_7010.srcs/sources_1/ip/sync_fifo_2048x32b/sync_fifo_2048x32b.xdc] for cell 'dut/u_e203_subsys_top/u_e203_subsys_main/u_e203_cpu_top/u_e203_cpu/u_e203_nice_core/u_eth_udp_loop/u_sync_fifo_2048x32b/U0'
Parsing XDC File [E:/BaiduNetdiskDownload/E203_P3/XDC/E203_ZYNQ_7010.xdc]
Finished Parsing XDC File [E:/BaiduNetdiskDownload/E203_P3/XDC/E203_ZYNQ_7010.xdc]
Sourcing Tcl File [E:/software/VIVADO/Vivado/2019.2/data/ip/xpm/xpm_cdc/tcl/xpm_cdc_async_rst.tcl] for cell 'dut/u_e203_subsys_top/u_e203_subsys_main/u_e203_cpu_top/u_e203_cpu/u_e203_nice_core/u_eth_udp_loop/u_fifo_generator_0/U0/inst_fifo_gen/gconvfifo.rf/grf.rf/rstblk/ngwrdrst.grst.g7serrst.gnsckt_wrst.rst_wr_reg2_inst'
Finished Sourcing Tcl File [E:/software/VIVADO/Vivado/2019.2/data/ip/xpm/xpm_cdc/tcl/xpm_cdc_async_rst.tcl] for cell 'dut/u_e203_subsys_top/u_e203_subsys_main/u_e203_cpu_top/u_e203_cpu/u_e203_nice_core/u_eth_udp_loop/u_fifo_generator_0/U0/inst_fifo_gen/gconvfifo.rf/grf.rf/rstblk/ngwrdrst.grst.g7serrst.gnsckt_wrst.rst_wr_reg2_inst'
Sourcing Tcl File [E:/software/VIVADO/Vivado/2019.2/data/ip/xpm/xpm_cdc/tcl/xpm_cdc_sync_rst.tcl] for cell 'dut/u_e203_subsys_top/u_e203_subsys_main/u_e203_cpu_top/u_e203_cpu/u_e203_nice_core/u_eth_udp_loop/u_sync_fifo_2048x32b/U0/inst_fifo_gen/gconvfifo.rf/grf.rf/rstblk/ngwrdrst.grst.g7serrst.gsckt_wrst.xpm_cdc_sync_rst_inst_wrst'
Finished Sourcing Tcl File [E:/software/VIVADO/Vivado/2019.2/data/ip/xpm/xpm_cdc/tcl/xpm_cdc_sync_rst.tcl] for cell 'dut/u_e203_subsys_top/u_e203_subsys_main/u_e203_cpu_top/u_e203_cpu/u_e203_nice_core/u_eth_udp_loop/u_sync_fifo_2048x32b/U0/inst_fifo_gen/gconvfifo.rf/grf.rf/rstblk/ngwrdrst.grst.g7serrst.gsckt_wrst.xpm_cdc_sync_rst_inst_wrst'
INFO: [Opt 31-138] Pushed 0 inverter(s) to 0 load pin(s).
Netlist sorting complete. Time (s): cpu = 00:00:00 ; elapsed = 00:00:00.006 . Memory (MB): peak = 2135.957 ; gain = 0.000
INFO: [Project 1-111] Unisim Transformation Summary:
  A total of 24 instances were transformed.
  IOBUF => IOBUF (IBUF, OBUFT): 20 instances
  RAM32M => RAM32M (RAMD32(x6), RAMS32(x2)): 4 instances

open_run: Time (s): cpu = 00:00:24 ; elapsed = 00:00:15 . Memory (MB): peak = 2187.598 ; gain = 638.586
report_utilization -name utilization_1
WARNING: [filemgmt 56-199] Attempt to get parsing info during refresh. "On-the-fly" syntax checking information may be incorrect. [E:\BaiduNetdiskDownload\E203_P3\E203_RTL\subsys\e203_subsys_plic.v:]
WARNING: [filemgmt 56-199] Attempt to get parsing info during refresh. "On-the-fly" syntax checking information may be incorrect. [E:\BaiduNetdiskDownload\E203_P3\E203_RTL\subsys\e203_subsys_main.v:]
WARNING: [filemgmt 56-199] Attempt to get parsing info during refresh. "On-the-fly" syntax checking information may be incorrect. [E:\BaiduNetdiskDownload\E203_P3\E203_RTL\subsys\e203_subsys_perips.v:]
WARNING: [filemgmt 56-199] Attempt to get parsing info during refresh. "On-the-fly" syntax checking information may be incorrect. [E:\BaiduNetdiskDownload\E203_P3\E203_RTL\subsys\e203_subsys_plic.v:]
WARNING: [filemgmt 56-199] Attempt to get parsing info during refresh. "On-the-fly" syntax checking information may be incorrect. [E:\BaiduNetdiskDownload\E203_P3\E203_RTL\subsys\e203_subsys_main.v:]
WARNING: [filemgmt 56-199] Attempt to get parsing info during refresh. "On-the-fly" syntax checking information may be incorrect. [E:\BaiduNetdiskDownload\E203_P3\E203_RTL\subsys\e203_subsys_perips.v:]
ERROR: [Common 17-180] Spawn failed: No error
create_run synth_2 -flow {Vivado Synthesis 2019} -strategy {Vivado Synthesis Defaults} -report_strategy {Vivado Synthesis Default Reports}
Run is defaulting to srcset: sources_1
Run is defaulting to constrset: constrs_1
Run is defaulting to part: xc7a35tfgg484-2
current_run [get_runs synth_2]
set_property write_incremental_synth_checkpoint true [get_runs synth_2]
launch_runs synth_2 -jobs 16
[Wed Nov  9 01:23:50 2022] Launched synth_2...
Run output will be captured here: E:/BaiduNetdiskDownload/E203_P3/E203_Zynq_7010/E203_Zynq_7010.runs/synth_2/runme.log
reset_run synth_2
launch_runs synth_2 -jobs 16
[Wed Nov  9 01:25:09 2022] Launched synth_2...
Run output will be captured here: E:/BaiduNetdiskDownload/E203_P3/E203_Zynq_7010/E203_Zynq_7010.runs/synth_2/runme.log
launch_runs impl_2 -jobs 16
[Wed Nov  9 01:28:45 2022] Launched impl_2...
Run output will be captured here: E:/BaiduNetdiskDownload/E203_P3/E203_Zynq_7010/E203_Zynq_7010.runs/impl_2/runme.log
launch_runs impl_2 -to_step write_bitstream -jobs 16
[Wed Nov  9 01:32:05 2022] Launched impl_2...
Run output will be captured here: E:/BaiduNetdiskDownload/E203_P3/E203_Zynq_7010/E203_Zynq_7010.runs/impl_2/runme.log
reset_run synth_2
launch_runs impl_2 -to_step write_bitstream -jobs 16
[Wed Nov  9 01:37:15 2022] Launched synth_2...
Run output will be captured here: E:/BaiduNetdiskDownload/E203_P3/E203_Zynq_7010/E203_Zynq_7010.runs/synth_2/runme.log
[Wed Nov  9 01:37:15 2022] Launched impl_2...
Run output will be captured here: E:/BaiduNetdiskDownload/E203_P3/E203_Zynq_7010/E203_Zynq_7010.runs/impl_2/runme.log
reset_run synth_2
launch_runs synth_2 -jobs 16
WARNING: [HDL 9-3756] overwriting previous definition of module 'AESkeyprocess' [E:/BaiduNetdiskDownload/E203_P3/E203_Zynq_7010/E203_Zynq_7010.srcs/sources_1/imports/new/AESkeyprocess.v:2]
WARNING: [HDL 9-3756] overwriting previous definition of module 'DESkey' [E:/BaiduNetdiskDownload/E203_P3/E203_Zynq_7010/E203_Zynq_7010.srcs/sources_1/imports/sources_1/new/DESkey.v:1]
WARNING: [HDL 9-3756] overwriting previous definition of module 'DESkeys' [E:/BaiduNetdiskDownload/E203_P3/E203_Zynq_7010/E203_Zynq_7010.srcs/sources_1/imports/sources_1/new/DESkeys.v:2]
WARNING: [HDL 9-3756] overwriting previous definition of module 'aesde' [E:/BaiduNetdiskDownload/E203_P3/E203_Zynq_7010/E203_Zynq_7010.srcs/sources_1/imports/sources_1/imports/new/ENCNEW.v:2]
WARNING: [HDL 9-3756] overwriting previous definition of module 'E_box' [E:/BaiduNetdiskDownload/E203_P3/E203_Zynq_7010/E203_Zynq_7010.srcs/sources_1/imports/sources_1/new/E_box.v:3]
WARNING: [HDL 9-3756] overwriting previous definition of module 'InvMixColumns' [E:/BaiduNetdiskDownload/E203_P3/E203_Zynq_7010/E203_Zynq_7010.srcs/sources_1/imports/sources_1/imports/new/InvMixColumns.v:2]
WARNING: [HDL 9-3756] overwriting previous definition of module 'InvSubBytes' [E:/BaiduNetdiskDownload/E203_P3/E203_Zynq_7010/E203_Zynq_7010.srcs/sources_1/imports/sources_1/imports/new/InvSubBytes.v:23]
WARNING: [HDL 9-3756] overwriting previous definition of module 'MixColumns' [E:/BaiduNetdiskDownload/E203_P3/E203_Zynq_7010/E203_Zynq_7010.srcs/sources_1/imports/sources_1/imports/new/MixColumns.v:1]
WARNING: [HDL 9-3756] overwriting previous definition of module 'P' [E:/BaiduNetdiskDownload/E203_P3/E203_Zynq_7010/E203_Zynq_7010.srcs/sources_1/imports/sources_1/imports/new/P.v:3]
WARNING: [HDL 9-3756] overwriting previous definition of module 'S1' [E:/BaiduNetdiskDownload/E203_P3/E203_Zynq_7010/E203_Zynq_7010.srcs/sources_1/imports/sources_1/imports/new/S1.v:1]
WARNING: [HDL 9-3756] overwriting previous definition of module 'S2' [E:/BaiduNetdiskDownload/E203_P3/E203_Zynq_7010/E203_Zynq_7010.srcs/sources_1/imports/sources_1/imports/new/S2.v:3]
WARNING: [HDL 9-3756] overwriting previous definition of module 'S3' [E:/BaiduNetdiskDownload/E203_P3/E203_Zynq_7010/E203_Zynq_7010.srcs/sources_1/imports/sources_1/imports/new/S3.v:1]
WARNING: [HDL 9-3756] overwriting previous definition of module 'S4' [E:/BaiduNetdiskDownload/E203_P3/E203_Zynq_7010/E203_Zynq_7010.srcs/sources_1/imports/sources_1/imports/new/S4.v:1]
WARNING: [HDL 9-3756] overwriting previous definition of module 'S5' [E:/BaiduNetdiskDownload/E203_P3/E203_Zynq_7010/E203_Zynq_7010.srcs/sources_1/imports/sources_1/imports/new/S5.v:1]
WARNING: [HDL 9-3756] overwriting previous definition of module 'S6' [E:/BaiduNetdiskDownload/E203_P3/E203_Zynq_7010/E203_Zynq_7010.srcs/sources_1/imports/sources_1/imports/new/S6.v:1]
WARNING: [HDL 9-3756] overwriting previous definition of module 'S7' [E:/BaiduNetdiskDownload/E203_P3/E203_Zynq_7010/E203_Zynq_7010.srcs/sources_1/imports/sources_1/imports/new/S7.v:1]
WARNING: [HDL 9-3756] overwriting previous definition of module 'S8' [E:/BaiduNetdiskDownload/E203_P3/E203_Zynq_7010/E203_Zynq_7010.srcs/sources_1/imports/sources_1/imports/new/S8.v:1]
WARNING: [HDL 9-3756] overwriting previous definition of module 'S_box' [E:/BaiduNetdiskDownload/E203_P3/E203_Zynq_7010/E203_Zynq_7010.srcs/sources_1/imports/sources_1/new/S_box.v:4]
WARNING: [HDL 9-3756] overwriting previous definition of module 'SubBytes' [E:/BaiduNetdiskDownload/E203_P3/E203_Zynq_7010/E203_Zynq_7010.srcs/sources_1/imports/sources_1/new/SubBytes.v:5]
WARNING: [HDL 9-3756] overwriting previous definition of module 'aesen' [E:/BaiduNetdiskDownload/E203_P3/E203_Zynq_7010/E203_Zynq_7010.srcs/sources_1/imports/sources_1/imports/new/aesden.v:1]
WARNING: [HDL 9-3756] overwriting previous definition of module 'aesinitkeyprocess' [E:/BaiduNetdiskDownload/E203_P3/E203_Zynq_7010/E203_Zynq_7010.srcs/sources_1/imports/sources_1/new/aesinitkeyprocess.v:2]
WARNING: [HDL 9-3756] overwriting previous definition of module 'desL' [E:/BaiduNetdiskDownload/E203_P3/E203_Zynq_7010/E203_Zynq_7010.srcs/sources_1/imports/sources_1/new/desL.v:2]
WARNING: [HDL 9-3756] overwriting previous definition of module 'desdekey' [E:/BaiduNetdiskDownload/E203_P3/E203_Zynq_7010/E203_Zynq_7010.srcs/sources_1/imports/sources_1/new/desdekey.v:1]
WARNING: [HDL 9-3756] overwriting previous definition of module 'desf' [E:/BaiduNetdiskDownload/E203_P3/E203_Zynq_7010/E203_Zynq_7010.srcs/sources_1/imports/sources_1/new/desf.v:1]
WARNING: [HDL 9-3756] overwriting previous definition of module 'init_process' [E:/BaiduNetdiskDownload/E203_P3/E203_Zynq_7010/E203_Zynq_7010.srcs/sources_1/imports/new/init_process.v:7]
WARNING: [HDL 9-3756] overwriting previous definition of module 'left_shiftera' [E:/BaiduNetdiskDownload/E203_P3/E203_Zynq_7010/E203_Zynq_7010.srcs/sources_1/imports/sources_1/new/left_shiftera.v:1]
WARNING: [HDL 9-3756] overwriting previous definition of module 'left_shifterb' [E:/BaiduNetdiskDownload/E203_P3/E203_Zynq_7010/E203_Zynq_7010.srcs/sources_1/imports/sources_1/new/left_shifterb.v:1]
WARNING: [HDL 9-3756] overwriting previous definition of module 'process' [E:/BaiduNetdiskDownload/E203_P3/E203_Zynq_7010/E203_Zynq_7010.srcs/sources_1/imports/new/process.v:4]
WARNING: [filemgmt 20-1318] Duplicate Design Unit 'AESkeyprocess()' found in library 'xil_defaultlib'
Duplicate found at line 2 of file E:/BaiduNetdiskDownload/E203_P3/E203_Zynq_7010/E203_Zynq_7010.srcs/sources_1/imports/imports/des_aes/AESkeyprocess.v
	(Active) Duplicate found at line 2 of file E:/BaiduNetdiskDownload/E203_P3/E203_Zynq_7010/E203_Zynq_7010.srcs/sources_1/imports/new/AESkeyprocess.v
WARNING: [filemgmt 20-1318] Duplicate Design Unit 'DESkey()' found in library 'xil_defaultlib'
Duplicate found at line 1 of file E:/BaiduNetdiskDownload/E203_P3/E203_Zynq_7010/E203_Zynq_7010.srcs/sources_1/imports/imports/des_aes/DESkey.v
	(Active) Duplicate found at line 1 of file E:/BaiduNetdiskDownload/E203_P3/E203_Zynq_7010/E203_Zynq_7010.srcs/sources_1/imports/sources_1/new/DESkey.v
WARNING: [filemgmt 20-1318] Duplicate Design Unit 'DESkeys()' found in library 'xil_defaultlib'
Duplicate found at line 2 of file E:/BaiduNetdiskDownload/E203_P3/E203_Zynq_7010/E203_Zynq_7010.srcs/sources_1/imports/imports/des_aes/DESkeys.v
	(Active) Duplicate found at line 2 of file E:/BaiduNetdiskDownload/E203_P3/E203_Zynq_7010/E203_Zynq_7010.srcs/sources_1/imports/sources_1/new/DESkeys.v
WARNING: [filemgmt 20-1318] Duplicate Design Unit 'aesde()' found in library 'xil_defaultlib'
Duplicate found at line 2 of file E:/BaiduNetdiskDownload/E203_P3/E203_Zynq_7010/E203_Zynq_7010.srcs/sources_1/imports/imports/des_aes/ENCNEW.v
	(Active) Duplicate found at line 2 of file E:/BaiduNetdiskDownload/E203_P3/E203_Zynq_7010/E203_Zynq_7010.srcs/sources_1/imports/sources_1/imports/new/ENCNEW.v
WARNING: [filemgmt 20-1318] Duplicate Design Unit 'E_box()' found in library 'xil_defaultlib'
Duplicate found at line 3 of file E:/BaiduNetdiskDownload/E203_P3/E203_Zynq_7010/E203_Zynq_7010.srcs/sources_1/imports/imports/des_aes/E_box.v
	(Active) Duplicate found at line 3 of file E:/BaiduNetdiskDownload/E203_P3/E203_Zynq_7010/E203_Zynq_7010.srcs/sources_1/imports/sources_1/new/E_box.v
WARNING: [filemgmt 20-1318] Duplicate Design Unit 'InvMixColumns()' found in library 'xil_defaultlib'
Duplicate found at line 2 of file E:/BaiduNetdiskDownload/E203_P3/E203_Zynq_7010/E203_Zynq_7010.srcs/sources_1/imports/imports/des_aes/InvMixColumns.v
	(Active) Duplicate found at line 2 of file E:/BaiduNetdiskDownload/E203_P3/E203_Zynq_7010/E203_Zynq_7010.srcs/sources_1/imports/sources_1/imports/new/InvMixColumns.v
WARNING: [filemgmt 20-1318] Duplicate Design Unit 'InvSubBytes()' found in library 'xil_defaultlib'
Duplicate found at line 23 of file E:/BaiduNetdiskDownload/E203_P3/E203_Zynq_7010/E203_Zynq_7010.srcs/sources_1/imports/imports/des_aes/InvSubBytes.v
	(Active) Duplicate found at line 23 of file E:/BaiduNetdiskDownload/E203_P3/E203_Zynq_7010/E203_Zynq_7010.srcs/sources_1/imports/sources_1/imports/new/InvSubBytes.v
WARNING: [filemgmt 20-1318] Duplicate Design Unit 'MixColumns()' found in library 'xil_defaultlib'
Duplicate found at line 1 of file E:/BaiduNetdiskDownload/E203_P3/E203_Zynq_7010/E203_Zynq_7010.srcs/sources_1/imports/imports/des_aes/MixColumns.v
	(Active) Duplicate found at line 1 of file E:/BaiduNetdiskDownload/E203_P3/E203_Zynq_7010/E203_Zynq_7010.srcs/sources_1/imports/sources_1/imports/new/MixColumns.v
WARNING: [filemgmt 20-1318] Duplicate Design Unit 'P()' found in library 'xil_defaultlib'
Duplicate found at line 3 of file E:/BaiduNetdiskDownload/E203_P3/E203_Zynq_7010/E203_Zynq_7010.srcs/sources_1/imports/imports/des_aes/P.v
	(Active) Duplicate found at line 3 of file E:/BaiduNetdiskDownload/E203_P3/E203_Zynq_7010/E203_Zynq_7010.srcs/sources_1/imports/sources_1/imports/new/P.v
WARNING: [filemgmt 20-1318] Duplicate Design Unit 'S1()' found in library 'xil_defaultlib'
Duplicate found at line 1 of file E:/BaiduNetdiskDownload/E203_P3/E203_Zynq_7010/E203_Zynq_7010.srcs/sources_1/imports/imports/des_aes/S1.v
	(Active) Duplicate found at line 1 of file E:/BaiduNetdiskDownload/E203_P3/E203_Zynq_7010/E203_Zynq_7010.srcs/sources_1/imports/sources_1/imports/new/S1.v
WARNING: [filemgmt 20-1318] Duplicate Design Unit 'S2()' found in library 'xil_defaultlib'
Duplicate found at line 3 of file E:/BaiduNetdiskDownload/E203_P3/E203_Zynq_7010/E203_Zynq_7010.srcs/sources_1/imports/imports/des_aes/S2.v
	(Active) Duplicate found at line 3 of file E:/BaiduNetdiskDownload/E203_P3/E203_Zynq_7010/E203_Zynq_7010.srcs/sources_1/imports/sources_1/imports/new/S2.v
WARNING: [filemgmt 20-1318] Duplicate Design Unit 'S3()' found in library 'xil_defaultlib'
Duplicate found at line 1 of file E:/BaiduNetdiskDownload/E203_P3/E203_Zynq_7010/E203_Zynq_7010.srcs/sources_1/imports/imports/des_aes/S3.v
	(Active) Duplicate found at line 1 of file E:/BaiduNetdiskDownload/E203_P3/E203_Zynq_7010/E203_Zynq_7010.srcs/sources_1/imports/sources_1/imports/new/S3.v
WARNING: [filemgmt 20-1318] Duplicate Design Unit 'S4()' found in library 'xil_defaultlib'
Duplicate found at line 1 of file E:/BaiduNetdiskDownload/E203_P3/E203_Zynq_7010/E203_Zynq_7010.srcs/sources_1/imports/imports/des_aes/S4.v
	(Active) Duplicate found at line 1 of file E:/BaiduNetdiskDownload/E203_P3/E203_Zynq_7010/E203_Zynq_7010.srcs/sources_1/imports/sources_1/imports/new/S4.v
WARNING: [filemgmt 20-1318] Duplicate Design Unit 'S5()' found in library 'xil_defaultlib'
Duplicate found at line 1 of file E:/BaiduNetdiskDownload/E203_P3/E203_Zynq_7010/E203_Zynq_7010.srcs/sources_1/imports/imports/des_aes/S5.v
	(Active) Duplicate found at line 1 of file E:/BaiduNetdiskDownload/E203_P3/E203_Zynq_7010/E203_Zynq_7010.srcs/sources_1/imports/sources_1/imports/new/S5.v
WARNING: [filemgmt 20-1318] Duplicate Design Unit 'S6()' found in library 'xil_defaultlib'
Duplicate found at line 1 of file E:/BaiduNetdiskDownload/E203_P3/E203_Zynq_7010/E203_Zynq_7010.srcs/sources_1/imports/imports/des_aes/S6.v
	(Active) Duplicate found at line 1 of file E:/BaiduNetdiskDownload/E203_P3/E203_Zynq_7010/E203_Zynq_7010.srcs/sources_1/imports/sources_1/imports/new/S6.v
WARNING: [filemgmt 20-1318] Duplicate Design Unit 'S7()' found in library 'xil_defaultlib'
Duplicate found at line 1 of file E:/BaiduNetdiskDownload/E203_P3/E203_Zynq_7010/E203_Zynq_7010.srcs/sources_1/imports/imports/des_aes/S7.v
	(Active) Duplicate found at line 1 of file E:/BaiduNetdiskDownload/E203_P3/E203_Zynq_7010/E203_Zynq_7010.srcs/sources_1/imports/sources_1/imports/new/S7.v
WARNING: [filemgmt 20-1318] Duplicate Design Unit 'S8()' found in library 'xil_defaultlib'
Duplicate found at line 1 of file E:/BaiduNetdiskDownload/E203_P3/E203_Zynq_7010/E203_Zynq_7010.srcs/sources_1/imports/imports/des_aes/S8.v
	(Active) Duplicate found at line 1 of file E:/BaiduNetdiskDownload/E203_P3/E203_Zynq_7010/E203_Zynq_7010.srcs/sources_1/imports/sources_1/imports/new/S8.v
WARNING: [filemgmt 20-1318] Duplicate Design Unit 'S_box()' found in library 'xil_defaultlib'
Duplicate found at line 4 of file E:/BaiduNetdiskDownload/E203_P3/E203_Zynq_7010/E203_Zynq_7010.srcs/sources_1/imports/imports/des_aes/S_box.v
	(Active) Duplicate found at line 4 of file E:/BaiduNetdiskDownload/E203_P3/E203_Zynq_7010/E203_Zynq_7010.srcs/sources_1/imports/sources_1/new/S_box.v
WARNING: [filemgmt 20-1318] Duplicate Design Unit 'SubBytes()' found in library 'xil_defaultlib'
Duplicate found at line 5 of file E:/BaiduNetdiskDownload/E203_P3/E203_Zynq_7010/E203_Zynq_7010.srcs/sources_1/imports/imports/des_aes/SubBytes.v
	(Active) Duplicate found at line 5 of file E:/BaiduNetdiskDownload/E203_P3/E203_Zynq_7010/E203_Zynq_7010.srcs/sources_1/imports/sources_1/new/SubBytes.v
WARNING: [filemgmt 20-1318] Duplicate Design Unit 'aesen()' found in library 'xil_defaultlib'
Duplicate found at line 1 of file E:/BaiduNetdiskDownload/E203_P3/E203_Zynq_7010/E203_Zynq_7010.srcs/sources_1/imports/imports/des_aes/aesden.v
	(Active) Duplicate found at line 1 of file E:/BaiduNetdiskDownload/E203_P3/E203_Zynq_7010/E203_Zynq_7010.srcs/sources_1/imports/sources_1/imports/new/aesden.v
WARNING: [filemgmt 20-1318] Duplicate Design Unit 'aesinitkeyprocess()' found in library 'xil_defaultlib'
Duplicate found at line 2 of file E:/BaiduNetdiskDownload/E203_P3/E203_Zynq_7010/E203_Zynq_7010.srcs/sources_1/imports/imports/des_aes/aesinitkeyprocess.v
	(Active) Duplicate found at line 2 of file E:/BaiduNetdiskDownload/E203_P3/E203_Zynq_7010/E203_Zynq_7010.srcs/sources_1/imports/sources_1/new/aesinitkeyprocess.v
WARNING: [filemgmt 20-1318] Duplicate Design Unit 'desL()' found in library 'xil_defaultlib'
Duplicate found at line 2 of file E:/BaiduNetdiskDownload/E203_P3/E203_Zynq_7010/E203_Zynq_7010.srcs/sources_1/imports/imports/des_aes/desL.v
	(Active) Duplicate found at line 2 of file E:/BaiduNetdiskDownload/E203_P3/E203_Zynq_7010/E203_Zynq_7010.srcs/sources_1/imports/sources_1/new/desL.v
WARNING: [filemgmt 20-1318] Duplicate Design Unit 'desdekey()' found in library 'xil_defaultlib'
Duplicate found at line 1 of file E:/BaiduNetdiskDownload/E203_P3/E203_Zynq_7010/E203_Zynq_7010.srcs/sources_1/imports/imports/des_aes/desdekey.v
	(Active) Duplicate found at line 1 of file E:/BaiduNetdiskDownload/E203_P3/E203_Zynq_7010/E203_Zynq_7010.srcs/sources_1/imports/sources_1/new/desdekey.v
WARNING: [filemgmt 20-1318] Duplicate Design Unit 'desf()' found in library 'xil_defaultlib'
Duplicate found at line 1 of file E:/BaiduNetdiskDownload/E203_P3/E203_Zynq_7010/E203_Zynq_7010.srcs/sources_1/imports/imports/des_aes/desf.v
	(Active) Duplicate found at line 1 of file E:/BaiduNetdiskDownload/E203_P3/E203_Zynq_7010/E203_Zynq_7010.srcs/sources_1/imports/sources_1/new/desf.v
WARNING: [filemgmt 20-1318] Duplicate Design Unit 'init_process()' found in library 'xil_defaultlib'
Duplicate found at line 7 of file E:/BaiduNetdiskDownload/E203_P3/E203_Zynq_7010/E203_Zynq_7010.srcs/sources_1/imports/imports/des_aes/init_process.v
	(Active) Duplicate found at line 7 of file E:/BaiduNetdiskDownload/E203_P3/E203_Zynq_7010/E203_Zynq_7010.srcs/sources_1/imports/new/init_process.v
WARNING: [filemgmt 20-1318] Duplicate Design Unit 'left_shiftera()' found in library 'xil_defaultlib'
Duplicate found at line 1 of file E:/BaiduNetdiskDownload/E203_P3/E203_Zynq_7010/E203_Zynq_7010.srcs/sources_1/imports/imports/des_aes/left_shiftera.v
	(Active) Duplicate found at line 1 of file E:/BaiduNetdiskDownload/E203_P3/E203_Zynq_7010/E203_Zynq_7010.srcs/sources_1/imports/sources_1/new/left_shiftera.v
WARNING: [filemgmt 20-1318] Duplicate Design Unit 'left_shifterb()' found in library 'xil_defaultlib'
Duplicate found at line 1 of file E:/BaiduNetdiskDownload/E203_P3/E203_Zynq_7010/E203_Zynq_7010.srcs/sources_1/imports/imports/des_aes/left_shifterb.v
	(Active) Duplicate found at line 1 of file E:/BaiduNetdiskDownload/E203_P3/E203_Zynq_7010/E203_Zynq_7010.srcs/sources_1/imports/sources_1/new/left_shifterb.v
WARNING: [filemgmt 20-1318] Duplicate Design Unit 'process()' found in library 'xil_defaultlib'
Duplicate found at line 4 of file E:/BaiduNetdiskDownload/E203_P3/E203_Zynq_7010/E203_Zynq_7010.srcs/sources_1/imports/imports/des_aes/process.v
	(Active) Duplicate found at line 4 of file E:/BaiduNetdiskDownload/E203_P3/E203_Zynq_7010/E203_Zynq_7010.srcs/sources_1/imports/new/process.v
[Wed Nov  9 01:58:35 2022] Launched synth_2...
Run output will be captured here: E:/BaiduNetdiskDownload/E203_P3/E203_Zynq_7010/E203_Zynq_7010.runs/synth_2/runme.log
reset_run synth_2
launch_runs synth_2 -jobs 16
WARNING: [HDL 9-3756] overwriting previous definition of module 'AESkeyprocess' [E:/BaiduNetdiskDownload/E203_P3/E203_Zynq_7010/E203_Zynq_7010.srcs/sources_1/imports/new/AESkeyprocess.v:2]
WARNING: [HDL 9-3756] overwriting previous definition of module 'DESkey' [E:/BaiduNetdiskDownload/E203_P3/E203_Zynq_7010/E203_Zynq_7010.srcs/sources_1/imports/sources_1/new/DESkey.v:1]
WARNING: [HDL 9-3756] overwriting previous definition of module 'DESkeys' [E:/BaiduNetdiskDownload/E203_P3/E203_Zynq_7010/E203_Zynq_7010.srcs/sources_1/imports/sources_1/new/DESkeys.v:2]
WARNING: [HDL 9-3756] overwriting previous definition of module 'aesde' [E:/BaiduNetdiskDownload/E203_P3/E203_Zynq_7010/E203_Zynq_7010.srcs/sources_1/imports/sources_1/imports/new/ENCNEW.v:2]
WARNING: [HDL 9-3756] overwriting previous definition of module 'E_box' [E:/BaiduNetdiskDownload/E203_P3/E203_Zynq_7010/E203_Zynq_7010.srcs/sources_1/imports/sources_1/new/E_box.v:3]
WARNING: [HDL 9-3756] overwriting previous definition of module 'InvMixColumns' [E:/BaiduNetdiskDownload/E203_P3/E203_Zynq_7010/E203_Zynq_7010.srcs/sources_1/imports/sources_1/imports/new/InvMixColumns.v:2]
WARNING: [HDL 9-3756] overwriting previous definition of module 'InvSubBytes' [E:/BaiduNetdiskDownload/E203_P3/E203_Zynq_7010/E203_Zynq_7010.srcs/sources_1/imports/sources_1/imports/new/InvSubBytes.v:23]
WARNING: [HDL 9-3756] overwriting previous definition of module 'MixColumns' [E:/BaiduNetdiskDownload/E203_P3/E203_Zynq_7010/E203_Zynq_7010.srcs/sources_1/imports/sources_1/imports/new/MixColumns.v:1]
WARNING: [HDL 9-3756] overwriting previous definition of module 'P' [E:/BaiduNetdiskDownload/E203_P3/E203_Zynq_7010/E203_Zynq_7010.srcs/sources_1/imports/sources_1/imports/new/P.v:3]
WARNING: [HDL 9-3756] overwriting previous definition of module 'S1' [E:/BaiduNetdiskDownload/E203_P3/E203_Zynq_7010/E203_Zynq_7010.srcs/sources_1/imports/sources_1/imports/new/S1.v:1]
WARNING: [HDL 9-3756] overwriting previous definition of module 'S2' [E:/BaiduNetdiskDownload/E203_P3/E203_Zynq_7010/E203_Zynq_7010.srcs/sources_1/imports/sources_1/imports/new/S2.v:3]
WARNING: [HDL 9-3756] overwriting previous definition of module 'S3' [E:/BaiduNetdiskDownload/E203_P3/E203_Zynq_7010/E203_Zynq_7010.srcs/sources_1/imports/sources_1/imports/new/S3.v:1]
WARNING: [HDL 9-3756] overwriting previous definition of module 'S4' [E:/BaiduNetdiskDownload/E203_P3/E203_Zynq_7010/E203_Zynq_7010.srcs/sources_1/imports/sources_1/imports/new/S4.v:1]
WARNING: [HDL 9-3756] overwriting previous definition of module 'S5' [E:/BaiduNetdiskDownload/E203_P3/E203_Zynq_7010/E203_Zynq_7010.srcs/sources_1/imports/sources_1/imports/new/S5.v:1]
WARNING: [HDL 9-3756] overwriting previous definition of module 'S6' [E:/BaiduNetdiskDownload/E203_P3/E203_Zynq_7010/E203_Zynq_7010.srcs/sources_1/imports/sources_1/imports/new/S6.v:1]
WARNING: [HDL 9-3756] overwriting previous definition of module 'S7' [E:/BaiduNetdiskDownload/E203_P3/E203_Zynq_7010/E203_Zynq_7010.srcs/sources_1/imports/sources_1/imports/new/S7.v:1]
WARNING: [HDL 9-3756] overwriting previous definition of module 'S8' [E:/BaiduNetdiskDownload/E203_P3/E203_Zynq_7010/E203_Zynq_7010.srcs/sources_1/imports/sources_1/imports/new/S8.v:1]
WARNING: [HDL 9-3756] overwriting previous definition of module 'S_box' [E:/BaiduNetdiskDownload/E203_P3/E203_Zynq_7010/E203_Zynq_7010.srcs/sources_1/imports/sources_1/new/S_box.v:4]
WARNING: [HDL 9-3756] overwriting previous definition of module 'SubBytes' [E:/BaiduNetdiskDownload/E203_P3/E203_Zynq_7010/E203_Zynq_7010.srcs/sources_1/imports/sources_1/new/SubBytes.v:5]
WARNING: [HDL 9-3756] overwriting previous definition of module 'aesen' [E:/BaiduNetdiskDownload/E203_P3/E203_Zynq_7010/E203_Zynq_7010.srcs/sources_1/imports/sources_1/imports/new/aesden.v:1]
WARNING: [HDL 9-3756] overwriting previous definition of module 'aesinitkeyprocess' [E:/BaiduNetdiskDownload/E203_P3/E203_Zynq_7010/E203_Zynq_7010.srcs/sources_1/imports/sources_1/new/aesinitkeyprocess.v:2]
WARNING: [HDL 9-3756] overwriting previous definition of module 'desL' [E:/BaiduNetdiskDownload/E203_P3/E203_Zynq_7010/E203_Zynq_7010.srcs/sources_1/imports/sources_1/new/desL.v:2]
WARNING: [HDL 9-3756] overwriting previous definition of module 'desdekey' [E:/BaiduNetdiskDownload/E203_P3/E203_Zynq_7010/E203_Zynq_7010.srcs/sources_1/imports/sources_1/new/desdekey.v:1]
WARNING: [HDL 9-3756] overwriting previous definition of module 'desf' [E:/BaiduNetdiskDownload/E203_P3/E203_Zynq_7010/E203_Zynq_7010.srcs/sources_1/imports/sources_1/new/desf.v:1]
WARNING: [HDL 9-3756] overwriting previous definition of module 'init_process' [E:/BaiduNetdiskDownload/E203_P3/E203_Zynq_7010/E203_Zynq_7010.srcs/sources_1/imports/new/init_process.v:7]
WARNING: [HDL 9-3756] overwriting previous definition of module 'left_shiftera' [E:/BaiduNetdiskDownload/E203_P3/E203_Zynq_7010/E203_Zynq_7010.srcs/sources_1/imports/sources_1/new/left_shiftera.v:1]
WARNING: [HDL 9-3756] overwriting previous definition of module 'left_shifterb' [E:/BaiduNetdiskDownload/E203_P3/E203_Zynq_7010/E203_Zynq_7010.srcs/sources_1/imports/sources_1/new/left_shifterb.v:1]
WARNING: [HDL 9-3756] overwriting previous definition of module 'process' [E:/BaiduNetdiskDownload/E203_P3/E203_Zynq_7010/E203_Zynq_7010.srcs/sources_1/imports/new/process.v:4]
WARNING: [filemgmt 20-1318] Duplicate Design Unit 'AESkeyprocess()' found in library 'xil_defaultlib'
Duplicate found at line 2 of file E:/BaiduNetdiskDownload/E203_P3/E203_Zynq_7010/E203_Zynq_7010.srcs/sources_1/imports/imports/des_aes/AESkeyprocess.v
	(Active) Duplicate found at line 2 of file E:/BaiduNetdiskDownload/E203_P3/E203_Zynq_7010/E203_Zynq_7010.srcs/sources_1/imports/new/AESkeyprocess.v
WARNING: [filemgmt 20-1318] Duplicate Design Unit 'DESkey()' found in library 'xil_defaultlib'
Duplicate found at line 1 of file E:/BaiduNetdiskDownload/E203_P3/E203_Zynq_7010/E203_Zynq_7010.srcs/sources_1/imports/imports/des_aes/DESkey.v
	(Active) Duplicate found at line 1 of file E:/BaiduNetdiskDownload/E203_P3/E203_Zynq_7010/E203_Zynq_7010.srcs/sources_1/imports/sources_1/new/DESkey.v
WARNING: [filemgmt 20-1318] Duplicate Design Unit 'DESkeys()' found in library 'xil_defaultlib'
Duplicate found at line 2 of file E:/BaiduNetdiskDownload/E203_P3/E203_Zynq_7010/E203_Zynq_7010.srcs/sources_1/imports/imports/des_aes/DESkeys.v
	(Active) Duplicate found at line 2 of file E:/BaiduNetdiskDownload/E203_P3/E203_Zynq_7010/E203_Zynq_7010.srcs/sources_1/imports/sources_1/new/DESkeys.v
WARNING: [filemgmt 20-1318] Duplicate Design Unit 'aesde()' found in library 'xil_defaultlib'
Duplicate found at line 2 of file E:/BaiduNetdiskDownload/E203_P3/E203_Zynq_7010/E203_Zynq_7010.srcs/sources_1/imports/imports/des_aes/ENCNEW.v
	(Active) Duplicate found at line 2 of file E:/BaiduNetdiskDownload/E203_P3/E203_Zynq_7010/E203_Zynq_7010.srcs/sources_1/imports/sources_1/imports/new/ENCNEW.v
WARNING: [filemgmt 20-1318] Duplicate Design Unit 'E_box()' found in library 'xil_defaultlib'
Duplicate found at line 3 of file E:/BaiduNetdiskDownload/E203_P3/E203_Zynq_7010/E203_Zynq_7010.srcs/sources_1/imports/imports/des_aes/E_box.v
	(Active) Duplicate found at line 3 of file E:/BaiduNetdiskDownload/E203_P3/E203_Zynq_7010/E203_Zynq_7010.srcs/sources_1/imports/sources_1/new/E_box.v
WARNING: [filemgmt 20-1318] Duplicate Design Unit 'InvMixColumns()' found in library 'xil_defaultlib'
Duplicate found at line 2 of file E:/BaiduNetdiskDownload/E203_P3/E203_Zynq_7010/E203_Zynq_7010.srcs/sources_1/imports/imports/des_aes/InvMixColumns.v
	(Active) Duplicate found at line 2 of file E:/BaiduNetdiskDownload/E203_P3/E203_Zynq_7010/E203_Zynq_7010.srcs/sources_1/imports/sources_1/imports/new/InvMixColumns.v
WARNING: [filemgmt 20-1318] Duplicate Design Unit 'InvSubBytes()' found in library 'xil_defaultlib'
Duplicate found at line 23 of file E:/BaiduNetdiskDownload/E203_P3/E203_Zynq_7010/E203_Zynq_7010.srcs/sources_1/imports/imports/des_aes/InvSubBytes.v
	(Active) Duplicate found at line 23 of file E:/BaiduNetdiskDownload/E203_P3/E203_Zynq_7010/E203_Zynq_7010.srcs/sources_1/imports/sources_1/imports/new/InvSubBytes.v
WARNING: [filemgmt 20-1318] Duplicate Design Unit 'MixColumns()' found in library 'xil_defaultlib'
Duplicate found at line 1 of file E:/BaiduNetdiskDownload/E203_P3/E203_Zynq_7010/E203_Zynq_7010.srcs/sources_1/imports/imports/des_aes/MixColumns.v
	(Active) Duplicate found at line 1 of file E:/BaiduNetdiskDownload/E203_P3/E203_Zynq_7010/E203_Zynq_7010.srcs/sources_1/imports/sources_1/imports/new/MixColumns.v
WARNING: [filemgmt 20-1318] Duplicate Design Unit 'P()' found in library 'xil_defaultlib'
Duplicate found at line 3 of file E:/BaiduNetdiskDownload/E203_P3/E203_Zynq_7010/E203_Zynq_7010.srcs/sources_1/imports/imports/des_aes/P.v
	(Active) Duplicate found at line 3 of file E:/BaiduNetdiskDownload/E203_P3/E203_Zynq_7010/E203_Zynq_7010.srcs/sources_1/imports/sources_1/imports/new/P.v
WARNING: [filemgmt 20-1318] Duplicate Design Unit 'S1()' found in library 'xil_defaultlib'
Duplicate found at line 1 of file E:/BaiduNetdiskDownload/E203_P3/E203_Zynq_7010/E203_Zynq_7010.srcs/sources_1/imports/imports/des_aes/S1.v
	(Active) Duplicate found at line 1 of file E:/BaiduNetdiskDownload/E203_P3/E203_Zynq_7010/E203_Zynq_7010.srcs/sources_1/imports/sources_1/imports/new/S1.v
WARNING: [filemgmt 20-1318] Duplicate Design Unit 'S2()' found in library 'xil_defaultlib'
Duplicate found at line 3 of file E:/BaiduNetdiskDownload/E203_P3/E203_Zynq_7010/E203_Zynq_7010.srcs/sources_1/imports/imports/des_aes/S2.v
	(Active) Duplicate found at line 3 of file E:/BaiduNetdiskDownload/E203_P3/E203_Zynq_7010/E203_Zynq_7010.srcs/sources_1/imports/sources_1/imports/new/S2.v
WARNING: [filemgmt 20-1318] Duplicate Design Unit 'S3()' found in library 'xil_defaultlib'
Duplicate found at line 1 of file E:/BaiduNetdiskDownload/E203_P3/E203_Zynq_7010/E203_Zynq_7010.srcs/sources_1/imports/imports/des_aes/S3.v
	(Active) Duplicate found at line 1 of file E:/BaiduNetdiskDownload/E203_P3/E203_Zynq_7010/E203_Zynq_7010.srcs/sources_1/imports/sources_1/imports/new/S3.v
WARNING: [filemgmt 20-1318] Duplicate Design Unit 'S4()' found in library 'xil_defaultlib'
Duplicate found at line 1 of file E:/BaiduNetdiskDownload/E203_P3/E203_Zynq_7010/E203_Zynq_7010.srcs/sources_1/imports/imports/des_aes/S4.v
	(Active) Duplicate found at line 1 of file E:/BaiduNetdiskDownload/E203_P3/E203_Zynq_7010/E203_Zynq_7010.srcs/sources_1/imports/sources_1/imports/new/S4.v
WARNING: [filemgmt 20-1318] Duplicate Design Unit 'S5()' found in library 'xil_defaultlib'
Duplicate found at line 1 of file E:/BaiduNetdiskDownload/E203_P3/E203_Zynq_7010/E203_Zynq_7010.srcs/sources_1/imports/imports/des_aes/S5.v
	(Active) Duplicate found at line 1 of file E:/BaiduNetdiskDownload/E203_P3/E203_Zynq_7010/E203_Zynq_7010.srcs/sources_1/imports/sources_1/imports/new/S5.v
WARNING: [filemgmt 20-1318] Duplicate Design Unit 'S6()' found in library 'xil_defaultlib'
Duplicate found at line 1 of file E:/BaiduNetdiskDownload/E203_P3/E203_Zynq_7010/E203_Zynq_7010.srcs/sources_1/imports/imports/des_aes/S6.v
	(Active) Duplicate found at line 1 of file E:/BaiduNetdiskDownload/E203_P3/E203_Zynq_7010/E203_Zynq_7010.srcs/sources_1/imports/sources_1/imports/new/S6.v
WARNING: [filemgmt 20-1318] Duplicate Design Unit 'S7()' found in library 'xil_defaultlib'
Duplicate found at line 1 of file E:/BaiduNetdiskDownload/E203_P3/E203_Zynq_7010/E203_Zynq_7010.srcs/sources_1/imports/imports/des_aes/S7.v
	(Active) Duplicate found at line 1 of file E:/BaiduNetdiskDownload/E203_P3/E203_Zynq_7010/E203_Zynq_7010.srcs/sources_1/imports/sources_1/imports/new/S7.v
WARNING: [filemgmt 20-1318] Duplicate Design Unit 'S8()' found in library 'xil_defaultlib'
Duplicate found at line 1 of file E:/BaiduNetdiskDownload/E203_P3/E203_Zynq_7010/E203_Zynq_7010.srcs/sources_1/imports/imports/des_aes/S8.v
	(Active) Duplicate found at line 1 of file E:/BaiduNetdiskDownload/E203_P3/E203_Zynq_7010/E203_Zynq_7010.srcs/sources_1/imports/sources_1/imports/new/S8.v
WARNING: [filemgmt 20-1318] Duplicate Design Unit 'S_box()' found in library 'xil_defaultlib'
Duplicate found at line 4 of file E:/BaiduNetdiskDownload/E203_P3/E203_Zynq_7010/E203_Zynq_7010.srcs/sources_1/imports/imports/des_aes/S_box.v
	(Active) Duplicate found at line 4 of file E:/BaiduNetdiskDownload/E203_P3/E203_Zynq_7010/E203_Zynq_7010.srcs/sources_1/imports/sources_1/new/S_box.v
WARNING: [filemgmt 20-1318] Duplicate Design Unit 'SubBytes()' found in library 'xil_defaultlib'
Duplicate found at line 5 of file E:/BaiduNetdiskDownload/E203_P3/E203_Zynq_7010/E203_Zynq_7010.srcs/sources_1/imports/imports/des_aes/SubBytes.v
	(Active) Duplicate found at line 5 of file E:/BaiduNetdiskDownload/E203_P3/E203_Zynq_7010/E203_Zynq_7010.srcs/sources_1/imports/sources_1/new/SubBytes.v
WARNING: [filemgmt 20-1318] Duplicate Design Unit 'aesen()' found in library 'xil_defaultlib'
Duplicate found at line 1 of file E:/BaiduNetdiskDownload/E203_P3/E203_Zynq_7010/E203_Zynq_7010.srcs/sources_1/imports/imports/des_aes/aesden.v
	(Active) Duplicate found at line 1 of file E:/BaiduNetdiskDownload/E203_P3/E203_Zynq_7010/E203_Zynq_7010.srcs/sources_1/imports/sources_1/imports/new/aesden.v
WARNING: [filemgmt 20-1318] Duplicate Design Unit 'aesinitkeyprocess()' found in library 'xil_defaultlib'
Duplicate found at line 2 of file E:/BaiduNetdiskDownload/E203_P3/E203_Zynq_7010/E203_Zynq_7010.srcs/sources_1/imports/imports/des_aes/aesinitkeyprocess.v
	(Active) Duplicate found at line 2 of file E:/BaiduNetdiskDownload/E203_P3/E203_Zynq_7010/E203_Zynq_7010.srcs/sources_1/imports/sources_1/new/aesinitkeyprocess.v
WARNING: [filemgmt 20-1318] Duplicate Design Unit 'desL()' found in library 'xil_defaultlib'
Duplicate found at line 2 of file E:/BaiduNetdiskDownload/E203_P3/E203_Zynq_7010/E203_Zynq_7010.srcs/sources_1/imports/imports/des_aes/desL.v
	(Active) Duplicate found at line 2 of file E:/BaiduNetdiskDownload/E203_P3/E203_Zynq_7010/E203_Zynq_7010.srcs/sources_1/imports/sources_1/new/desL.v
WARNING: [filemgmt 20-1318] Duplicate Design Unit 'desdekey()' found in library 'xil_defaultlib'
Duplicate found at line 1 of file E:/BaiduNetdiskDownload/E203_P3/E203_Zynq_7010/E203_Zynq_7010.srcs/sources_1/imports/imports/des_aes/desdekey.v
	(Active) Duplicate found at line 1 of file E:/BaiduNetdiskDownload/E203_P3/E203_Zynq_7010/E203_Zynq_7010.srcs/sources_1/imports/sources_1/new/desdekey.v
WARNING: [filemgmt 20-1318] Duplicate Design Unit 'desf()' found in library 'xil_defaultlib'
Duplicate found at line 1 of file E:/BaiduNetdiskDownload/E203_P3/E203_Zynq_7010/E203_Zynq_7010.srcs/sources_1/imports/imports/des_aes/desf.v
	(Active) Duplicate found at line 1 of file E:/BaiduNetdiskDownload/E203_P3/E203_Zynq_7010/E203_Zynq_7010.srcs/sources_1/imports/sources_1/new/desf.v
WARNING: [filemgmt 20-1318] Duplicate Design Unit 'init_process()' found in library 'xil_defaultlib'
Duplicate found at line 7 of file E:/BaiduNetdiskDownload/E203_P3/E203_Zynq_7010/E203_Zynq_7010.srcs/sources_1/imports/imports/des_aes/init_process.v
	(Active) Duplicate found at line 7 of file E:/BaiduNetdiskDownload/E203_P3/E203_Zynq_7010/E203_Zynq_7010.srcs/sources_1/imports/new/init_process.v
WARNING: [filemgmt 20-1318] Duplicate Design Unit 'left_shiftera()' found in library 'xil_defaultlib'
Duplicate found at line 1 of file E:/BaiduNetdiskDownload/E203_P3/E203_Zynq_7010/E203_Zynq_7010.srcs/sources_1/imports/imports/des_aes/left_shiftera.v
	(Active) Duplicate found at line 1 of file E:/BaiduNetdiskDownload/E203_P3/E203_Zynq_7010/E203_Zynq_7010.srcs/sources_1/imports/sources_1/new/left_shiftera.v
WARNING: [filemgmt 20-1318] Duplicate Design Unit 'left_shifterb()' found in library 'xil_defaultlib'
Duplicate found at line 1 of file E:/BaiduNetdiskDownload/E203_P3/E203_Zynq_7010/E203_Zynq_7010.srcs/sources_1/imports/imports/des_aes/left_shifterb.v
	(Active) Duplicate found at line 1 of file E:/BaiduNetdiskDownload/E203_P3/E203_Zynq_7010/E203_Zynq_7010.srcs/sources_1/imports/sources_1/new/left_shifterb.v
WARNING: [filemgmt 20-1318] Duplicate Design Unit 'process()' found in library 'xil_defaultlib'
Duplicate found at line 4 of file E:/BaiduNetdiskDownload/E203_P3/E203_Zynq_7010/E203_Zynq_7010.srcs/sources_1/imports/imports/des_aes/process.v
	(Active) Duplicate found at line 4 of file E:/BaiduNetdiskDownload/E203_P3/E203_Zynq_7010/E203_Zynq_7010.srcs/sources_1/imports/new/process.v
[Wed Nov  9 02:00:41 2022] Launched synth_2...
Run output will be captured here: E:/BaiduNetdiskDownload/E203_P3/E203_Zynq_7010/E203_Zynq_7010.runs/synth_2/runme.log
launch_runs impl_2 -jobs 16
[Wed Nov  9 02:04:44 2022] Launched impl_2...
Run output will be captured here: E:/BaiduNetdiskDownload/E203_P3/E203_Zynq_7010/E203_Zynq_7010.runs/impl_2/runme.log
report_utilization -name utilization_2
create_report_config -report_name synth_2_synth_report_utilization_1 -step synth_design -report_type report_utilization -run synth_2
reset_run impl_2 -prev_step 
launch_runs impl_2 -jobs 16
[Wed Nov  9 02:06:07 2022] Launched impl_2...
Run output will be captured here: E:/BaiduNetdiskDownload/E203_P3/E203_Zynq_7010/E203_Zynq_7010.runs/impl_2/runme.log
report_utilization -name utilization_1
reset_run synth_2
reset_run impl_2
launch_runs impl_2 -jobs 16
[Wed Nov  9 02:19:02 2022] Launched synth_2...
Run output will be captured here: E:/BaiduNetdiskDownload/E203_P3/E203_Zynq_7010/E203_Zynq_7010.runs/synth_2/runme.log
[Wed Nov  9 02:19:02 2022] Launched impl_2...
Run output will be captured here: E:/BaiduNetdiskDownload/E203_P3/E203_Zynq_7010/E203_Zynq_7010.runs/impl_2/runme.log
reset_run impl_2
launch_runs impl_2 -jobs 16
[Wed Nov  9 02:31:34 2022] Launched impl_2...
Run output will be captured here: E:/BaiduNetdiskDownload/E203_P3/E203_Zynq_7010/E203_Zynq_7010.runs/impl_2/runme.log
reset_run synth_2
launch_runs synth_2 -jobs 16
WARNING: [HDL 9-3756] overwriting previous definition of module 'AESkeyprocess' [E:/BaiduNetdiskDownload/E203_P3/E203_Zynq_7010/E203_Zynq_7010.srcs/sources_1/imports/new/AESkeyprocess.v:2]
WARNING: [HDL 9-3756] overwriting previous definition of module 'DESkey' [E:/BaiduNetdiskDownload/E203_P3/E203_Zynq_7010/E203_Zynq_7010.srcs/sources_1/imports/sources_1/new/DESkey.v:1]
WARNING: [HDL 9-3756] overwriting previous definition of module 'DESkeys' [E:/BaiduNetdiskDownload/E203_P3/E203_Zynq_7010/E203_Zynq_7010.srcs/sources_1/imports/sources_1/new/DESkeys.v:2]
WARNING: [HDL 9-3756] overwriting previous definition of module 'aesde' [E:/BaiduNetdiskDownload/E203_P3/E203_Zynq_7010/E203_Zynq_7010.srcs/sources_1/imports/sources_1/imports/new/ENCNEW.v:2]
WARNING: [HDL 9-3756] overwriting previous definition of module 'E_box' [E:/BaiduNetdiskDownload/E203_P3/E203_Zynq_7010/E203_Zynq_7010.srcs/sources_1/imports/sources_1/new/E_box.v:3]
WARNING: [HDL 9-3756] overwriting previous definition of module 'InvMixColumns' [E:/BaiduNetdiskDownload/E203_P3/E203_Zynq_7010/E203_Zynq_7010.srcs/sources_1/imports/sources_1/imports/new/InvMixColumns.v:2]
WARNING: [HDL 9-3756] overwriting previous definition of module 'InvSubBytes' [E:/BaiduNetdiskDownload/E203_P3/E203_Zynq_7010/E203_Zynq_7010.srcs/sources_1/imports/sources_1/imports/new/InvSubBytes.v:23]
WARNING: [HDL 9-3756] overwriting previous definition of module 'MixColumns' [E:/BaiduNetdiskDownload/E203_P3/E203_Zynq_7010/E203_Zynq_7010.srcs/sources_1/imports/sources_1/imports/new/MixColumns.v:1]
WARNING: [HDL 9-3756] overwriting previous definition of module 'P' [E:/BaiduNetdiskDownload/E203_P3/E203_Zynq_7010/E203_Zynq_7010.srcs/sources_1/imports/sources_1/imports/new/P.v:3]
WARNING: [HDL 9-3756] overwriting previous definition of module 'S1' [E:/BaiduNetdiskDownload/E203_P3/E203_Zynq_7010/E203_Zynq_7010.srcs/sources_1/imports/sources_1/imports/new/S1.v:1]
WARNING: [HDL 9-3756] overwriting previous definition of module 'S2' [E:/BaiduNetdiskDownload/E203_P3/E203_Zynq_7010/E203_Zynq_7010.srcs/sources_1/imports/sources_1/imports/new/S2.v:3]
WARNING: [HDL 9-3756] overwriting previous definition of module 'S3' [E:/BaiduNetdiskDownload/E203_P3/E203_Zynq_7010/E203_Zynq_7010.srcs/sources_1/imports/sources_1/imports/new/S3.v:1]
WARNING: [HDL 9-3756] overwriting previous definition of module 'S4' [E:/BaiduNetdiskDownload/E203_P3/E203_Zynq_7010/E203_Zynq_7010.srcs/sources_1/imports/sources_1/imports/new/S4.v:1]
WARNING: [HDL 9-3756] overwriting previous definition of module 'S5' [E:/BaiduNetdiskDownload/E203_P3/E203_Zynq_7010/E203_Zynq_7010.srcs/sources_1/imports/sources_1/imports/new/S5.v:1]
WARNING: [HDL 9-3756] overwriting previous definition of module 'S6' [E:/BaiduNetdiskDownload/E203_P3/E203_Zynq_7010/E203_Zynq_7010.srcs/sources_1/imports/sources_1/imports/new/S6.v:1]
WARNING: [HDL 9-3756] overwriting previous definition of module 'S7' [E:/BaiduNetdiskDownload/E203_P3/E203_Zynq_7010/E203_Zynq_7010.srcs/sources_1/imports/sources_1/imports/new/S7.v:1]
WARNING: [HDL 9-3756] overwriting previous definition of module 'S8' [E:/BaiduNetdiskDownload/E203_P3/E203_Zynq_7010/E203_Zynq_7010.srcs/sources_1/imports/sources_1/imports/new/S8.v:1]
WARNING: [HDL 9-3756] overwriting previous definition of module 'S_box' [E:/BaiduNetdiskDownload/E203_P3/E203_Zynq_7010/E203_Zynq_7010.srcs/sources_1/imports/sources_1/new/S_box.v:4]
WARNING: [HDL 9-3756] overwriting previous definition of module 'SubBytes' [E:/BaiduNetdiskDownload/E203_P3/E203_Zynq_7010/E203_Zynq_7010.srcs/sources_1/imports/sources_1/new/SubBytes.v:5]
WARNING: [HDL 9-3756] overwriting previous definition of module 'aesen' [E:/BaiduNetdiskDownload/E203_P3/E203_Zynq_7010/E203_Zynq_7010.srcs/sources_1/imports/sources_1/imports/new/aesden.v:1]
WARNING: [HDL 9-3756] overwriting previous definition of module 'aesinitkeyprocess' [E:/BaiduNetdiskDownload/E203_P3/E203_Zynq_7010/E203_Zynq_7010.srcs/sources_1/imports/sources_1/new/aesinitkeyprocess.v:2]
WARNING: [HDL 9-3756] overwriting previous definition of module 'desL' [E:/BaiduNetdiskDownload/E203_P3/E203_Zynq_7010/E203_Zynq_7010.srcs/sources_1/imports/sources_1/new/desL.v:2]
WARNING: [HDL 9-3756] overwriting previous definition of module 'desdekey' [E:/BaiduNetdiskDownload/E203_P3/E203_Zynq_7010/E203_Zynq_7010.srcs/sources_1/imports/sources_1/new/desdekey.v:1]
WARNING: [HDL 9-3756] overwriting previous definition of module 'desf' [E:/BaiduNetdiskDownload/E203_P3/E203_Zynq_7010/E203_Zynq_7010.srcs/sources_1/imports/sources_1/new/desf.v:1]
WARNING: [HDL 9-3756] overwriting previous definition of module 'init_process' [E:/BaiduNetdiskDownload/E203_P3/E203_Zynq_7010/E203_Zynq_7010.srcs/sources_1/imports/new/init_process.v:7]
WARNING: [HDL 9-3756] overwriting previous definition of module 'left_shiftera' [E:/BaiduNetdiskDownload/E203_P3/E203_Zynq_7010/E203_Zynq_7010.srcs/sources_1/imports/sources_1/new/left_shiftera.v:1]
WARNING: [HDL 9-3756] overwriting previous definition of module 'left_shifterb' [E:/BaiduNetdiskDownload/E203_P3/E203_Zynq_7010/E203_Zynq_7010.srcs/sources_1/imports/sources_1/new/left_shifterb.v:1]
WARNING: [HDL 9-3756] overwriting previous definition of module 'process' [E:/BaiduNetdiskDownload/E203_P3/E203_Zynq_7010/E203_Zynq_7010.srcs/sources_1/imports/new/process.v:4]
WARNING: [filemgmt 20-1318] Duplicate Design Unit 'AESkeyprocess()' found in library 'xil_defaultlib'
Duplicate found at line 2 of file E:/BaiduNetdiskDownload/E203_P3/E203_Zynq_7010/E203_Zynq_7010.srcs/sources_1/imports/imports/des_aes/AESkeyprocess.v
	(Active) Duplicate found at line 2 of file E:/BaiduNetdiskDownload/E203_P3/E203_Zynq_7010/E203_Zynq_7010.srcs/sources_1/imports/new/AESkeyprocess.v
WARNING: [filemgmt 20-1318] Duplicate Design Unit 'DESkey()' found in library 'xil_defaultlib'
Duplicate found at line 1 of file E:/BaiduNetdiskDownload/E203_P3/E203_Zynq_7010/E203_Zynq_7010.srcs/sources_1/imports/imports/des_aes/DESkey.v
	(Active) Duplicate found at line 1 of file E:/BaiduNetdiskDownload/E203_P3/E203_Zynq_7010/E203_Zynq_7010.srcs/sources_1/imports/sources_1/new/DESkey.v
WARNING: [filemgmt 20-1318] Duplicate Design Unit 'DESkeys()' found in library 'xil_defaultlib'
Duplicate found at line 2 of file E:/BaiduNetdiskDownload/E203_P3/E203_Zynq_7010/E203_Zynq_7010.srcs/sources_1/imports/imports/des_aes/DESkeys.v
	(Active) Duplicate found at line 2 of file E:/BaiduNetdiskDownload/E203_P3/E203_Zynq_7010/E203_Zynq_7010.srcs/sources_1/imports/sources_1/new/DESkeys.v
WARNING: [filemgmt 20-1318] Duplicate Design Unit 'aesde()' found in library 'xil_defaultlib'
Duplicate found at line 2 of file E:/BaiduNetdiskDownload/E203_P3/E203_Zynq_7010/E203_Zynq_7010.srcs/sources_1/imports/imports/des_aes/ENCNEW.v
	(Active) Duplicate found at line 2 of file E:/BaiduNetdiskDownload/E203_P3/E203_Zynq_7010/E203_Zynq_7010.srcs/sources_1/imports/sources_1/imports/new/ENCNEW.v
WARNING: [filemgmt 20-1318] Duplicate Design Unit 'E_box()' found in library 'xil_defaultlib'
Duplicate found at line 3 of file E:/BaiduNetdiskDownload/E203_P3/E203_Zynq_7010/E203_Zynq_7010.srcs/sources_1/imports/imports/des_aes/E_box.v
	(Active) Duplicate found at line 3 of file E:/BaiduNetdiskDownload/E203_P3/E203_Zynq_7010/E203_Zynq_7010.srcs/sources_1/imports/sources_1/new/E_box.v
WARNING: [filemgmt 20-1318] Duplicate Design Unit 'InvMixColumns()' found in library 'xil_defaultlib'
Duplicate found at line 2 of file E:/BaiduNetdiskDownload/E203_P3/E203_Zynq_7010/E203_Zynq_7010.srcs/sources_1/imports/imports/des_aes/InvMixColumns.v
	(Active) Duplicate found at line 2 of file E:/BaiduNetdiskDownload/E203_P3/E203_Zynq_7010/E203_Zynq_7010.srcs/sources_1/imports/sources_1/imports/new/InvMixColumns.v
WARNING: [filemgmt 20-1318] Duplicate Design Unit 'InvSubBytes()' found in library 'xil_defaultlib'
Duplicate found at line 23 of file E:/BaiduNetdiskDownload/E203_P3/E203_Zynq_7010/E203_Zynq_7010.srcs/sources_1/imports/imports/des_aes/InvSubBytes.v
	(Active) Duplicate found at line 23 of file E:/BaiduNetdiskDownload/E203_P3/E203_Zynq_7010/E203_Zynq_7010.srcs/sources_1/imports/sources_1/imports/new/InvSubBytes.v
WARNING: [filemgmt 20-1318] Duplicate Design Unit 'MixColumns()' found in library 'xil_defaultlib'
Duplicate found at line 1 of file E:/BaiduNetdiskDownload/E203_P3/E203_Zynq_7010/E203_Zynq_7010.srcs/sources_1/imports/imports/des_aes/MixColumns.v
	(Active) Duplicate found at line 1 of file E:/BaiduNetdiskDownload/E203_P3/E203_Zynq_7010/E203_Zynq_7010.srcs/sources_1/imports/sources_1/imports/new/MixColumns.v
WARNING: [filemgmt 20-1318] Duplicate Design Unit 'P()' found in library 'xil_defaultlib'
Duplicate found at line 3 of file E:/BaiduNetdiskDownload/E203_P3/E203_Zynq_7010/E203_Zynq_7010.srcs/sources_1/imports/imports/des_aes/P.v
	(Active) Duplicate found at line 3 of file E:/BaiduNetdiskDownload/E203_P3/E203_Zynq_7010/E203_Zynq_7010.srcs/sources_1/imports/sources_1/imports/new/P.v
WARNING: [filemgmt 20-1318] Duplicate Design Unit 'S1()' found in library 'xil_defaultlib'
Duplicate found at line 1 of file E:/BaiduNetdiskDownload/E203_P3/E203_Zynq_7010/E203_Zynq_7010.srcs/sources_1/imports/imports/des_aes/S1.v
	(Active) Duplicate found at line 1 of file E:/BaiduNetdiskDownload/E203_P3/E203_Zynq_7010/E203_Zynq_7010.srcs/sources_1/imports/sources_1/imports/new/S1.v
WARNING: [filemgmt 20-1318] Duplicate Design Unit 'S2()' found in library 'xil_defaultlib'
Duplicate found at line 3 of file E:/BaiduNetdiskDownload/E203_P3/E203_Zynq_7010/E203_Zynq_7010.srcs/sources_1/imports/imports/des_aes/S2.v
	(Active) Duplicate found at line 3 of file E:/BaiduNetdiskDownload/E203_P3/E203_Zynq_7010/E203_Zynq_7010.srcs/sources_1/imports/sources_1/imports/new/S2.v
WARNING: [filemgmt 20-1318] Duplicate Design Unit 'S3()' found in library 'xil_defaultlib'
Duplicate found at line 1 of file E:/BaiduNetdiskDownload/E203_P3/E203_Zynq_7010/E203_Zynq_7010.srcs/sources_1/imports/imports/des_aes/S3.v
	(Active) Duplicate found at line 1 of file E:/BaiduNetdiskDownload/E203_P3/E203_Zynq_7010/E203_Zynq_7010.srcs/sources_1/imports/sources_1/imports/new/S3.v
WARNING: [filemgmt 20-1318] Duplicate Design Unit 'S4()' found in library 'xil_defaultlib'
Duplicate found at line 1 of file E:/BaiduNetdiskDownload/E203_P3/E203_Zynq_7010/E203_Zynq_7010.srcs/sources_1/imports/imports/des_aes/S4.v
	(Active) Duplicate found at line 1 of file E:/BaiduNetdiskDownload/E203_P3/E203_Zynq_7010/E203_Zynq_7010.srcs/sources_1/imports/sources_1/imports/new/S4.v
WARNING: [filemgmt 20-1318] Duplicate Design Unit 'S5()' found in library 'xil_defaultlib'
Duplicate found at line 1 of file E:/BaiduNetdiskDownload/E203_P3/E203_Zynq_7010/E203_Zynq_7010.srcs/sources_1/imports/imports/des_aes/S5.v
	(Active) Duplicate found at line 1 of file E:/BaiduNetdiskDownload/E203_P3/E203_Zynq_7010/E203_Zynq_7010.srcs/sources_1/imports/sources_1/imports/new/S5.v
WARNING: [filemgmt 20-1318] Duplicate Design Unit 'S6()' found in library 'xil_defaultlib'
Duplicate found at line 1 of file E:/BaiduNetdiskDownload/E203_P3/E203_Zynq_7010/E203_Zynq_7010.srcs/sources_1/imports/imports/des_aes/S6.v
	(Active) Duplicate found at line 1 of file E:/BaiduNetdiskDownload/E203_P3/E203_Zynq_7010/E203_Zynq_7010.srcs/sources_1/imports/sources_1/imports/new/S6.v
WARNING: [filemgmt 20-1318] Duplicate Design Unit 'S7()' found in library 'xil_defaultlib'
Duplicate found at line 1 of file E:/BaiduNetdiskDownload/E203_P3/E203_Zynq_7010/E203_Zynq_7010.srcs/sources_1/imports/imports/des_aes/S7.v
	(Active) Duplicate found at line 1 of file E:/BaiduNetdiskDownload/E203_P3/E203_Zynq_7010/E203_Zynq_7010.srcs/sources_1/imports/sources_1/imports/new/S7.v
WARNING: [filemgmt 20-1318] Duplicate Design Unit 'S8()' found in library 'xil_defaultlib'
Duplicate found at line 1 of file E:/BaiduNetdiskDownload/E203_P3/E203_Zynq_7010/E203_Zynq_7010.srcs/sources_1/imports/imports/des_aes/S8.v
	(Active) Duplicate found at line 1 of file E:/BaiduNetdiskDownload/E203_P3/E203_Zynq_7010/E203_Zynq_7010.srcs/sources_1/imports/sources_1/imports/new/S8.v
WARNING: [filemgmt 20-1318] Duplicate Design Unit 'S_box()' found in library 'xil_defaultlib'
Duplicate found at line 4 of file E:/BaiduNetdiskDownload/E203_P3/E203_Zynq_7010/E203_Zynq_7010.srcs/sources_1/imports/imports/des_aes/S_box.v
	(Active) Duplicate found at line 4 of file E:/BaiduNetdiskDownload/E203_P3/E203_Zynq_7010/E203_Zynq_7010.srcs/sources_1/imports/sources_1/new/S_box.v
WARNING: [filemgmt 20-1318] Duplicate Design Unit 'SubBytes()' found in library 'xil_defaultlib'
Duplicate found at line 5 of file E:/BaiduNetdiskDownload/E203_P3/E203_Zynq_7010/E203_Zynq_7010.srcs/sources_1/imports/imports/des_aes/SubBytes.v
	(Active) Duplicate found at line 5 of file E:/BaiduNetdiskDownload/E203_P3/E203_Zynq_7010/E203_Zynq_7010.srcs/sources_1/imports/sources_1/new/SubBytes.v
WARNING: [filemgmt 20-1318] Duplicate Design Unit 'aesen()' found in library 'xil_defaultlib'
Duplicate found at line 1 of file E:/BaiduNetdiskDownload/E203_P3/E203_Zynq_7010/E203_Zynq_7010.srcs/sources_1/imports/imports/des_aes/aesden.v
	(Active) Duplicate found at line 1 of file E:/BaiduNetdiskDownload/E203_P3/E203_Zynq_7010/E203_Zynq_7010.srcs/sources_1/imports/sources_1/imports/new/aesden.v
WARNING: [filemgmt 20-1318] Duplicate Design Unit 'aesinitkeyprocess()' found in library 'xil_defaultlib'
Duplicate found at line 2 of file E:/BaiduNetdiskDownload/E203_P3/E203_Zynq_7010/E203_Zynq_7010.srcs/sources_1/imports/imports/des_aes/aesinitkeyprocess.v
	(Active) Duplicate found at line 2 of file E:/BaiduNetdiskDownload/E203_P3/E203_Zynq_7010/E203_Zynq_7010.srcs/sources_1/imports/sources_1/new/aesinitkeyprocess.v
WARNING: [filemgmt 20-1318] Duplicate Design Unit 'desL()' found in library 'xil_defaultlib'
Duplicate found at line 2 of file E:/BaiduNetdiskDownload/E203_P3/E203_Zynq_7010/E203_Zynq_7010.srcs/sources_1/imports/imports/des_aes/desL.v
	(Active) Duplicate found at line 2 of file E:/BaiduNetdiskDownload/E203_P3/E203_Zynq_7010/E203_Zynq_7010.srcs/sources_1/imports/sources_1/new/desL.v
WARNING: [filemgmt 20-1318] Duplicate Design Unit 'desdekey()' found in library 'xil_defaultlib'
Duplicate found at line 1 of file E:/BaiduNetdiskDownload/E203_P3/E203_Zynq_7010/E203_Zynq_7010.srcs/sources_1/imports/imports/des_aes/desdekey.v
	(Active) Duplicate found at line 1 of file E:/BaiduNetdiskDownload/E203_P3/E203_Zynq_7010/E203_Zynq_7010.srcs/sources_1/imports/sources_1/new/desdekey.v
WARNING: [filemgmt 20-1318] Duplicate Design Unit 'desf()' found in library 'xil_defaultlib'
Duplicate found at line 1 of file E:/BaiduNetdiskDownload/E203_P3/E203_Zynq_7010/E203_Zynq_7010.srcs/sources_1/imports/imports/des_aes/desf.v
	(Active) Duplicate found at line 1 of file E:/BaiduNetdiskDownload/E203_P3/E203_Zynq_7010/E203_Zynq_7010.srcs/sources_1/imports/sources_1/new/desf.v
WARNING: [filemgmt 20-1318] Duplicate Design Unit 'init_process()' found in library 'xil_defaultlib'
Duplicate found at line 7 of file E:/BaiduNetdiskDownload/E203_P3/E203_Zynq_7010/E203_Zynq_7010.srcs/sources_1/imports/imports/des_aes/init_process.v
	(Active) Duplicate found at line 7 of file E:/BaiduNetdiskDownload/E203_P3/E203_Zynq_7010/E203_Zynq_7010.srcs/sources_1/imports/new/init_process.v
WARNING: [filemgmt 20-1318] Duplicate Design Unit 'left_shiftera()' found in library 'xil_defaultlib'
Duplicate found at line 1 of file E:/BaiduNetdiskDownload/E203_P3/E203_Zynq_7010/E203_Zynq_7010.srcs/sources_1/imports/imports/des_aes/left_shiftera.v
	(Active) Duplicate found at line 1 of file E:/BaiduNetdiskDownload/E203_P3/E203_Zynq_7010/E203_Zynq_7010.srcs/sources_1/imports/sources_1/new/left_shiftera.v
WARNING: [filemgmt 20-1318] Duplicate Design Unit 'left_shifterb()' found in library 'xil_defaultlib'
Duplicate found at line 1 of file E:/BaiduNetdiskDownload/E203_P3/E203_Zynq_7010/E203_Zynq_7010.srcs/sources_1/imports/imports/des_aes/left_shifterb.v
	(Active) Duplicate found at line 1 of file E:/BaiduNetdiskDownload/E203_P3/E203_Zynq_7010/E203_Zynq_7010.srcs/sources_1/imports/sources_1/new/left_shifterb.v
WARNING: [filemgmt 20-1318] Duplicate Design Unit 'process()' found in library 'xil_defaultlib'
Duplicate found at line 4 of file E:/BaiduNetdiskDownload/E203_P3/E203_Zynq_7010/E203_Zynq_7010.srcs/sources_1/imports/imports/des_aes/process.v
	(Active) Duplicate found at line 4 of file E:/BaiduNetdiskDownload/E203_P3/E203_Zynq_7010/E203_Zynq_7010.srcs/sources_1/imports/new/process.v
[Wed Nov  9 02:46:32 2022] Launched synth_2...
Run output will be captured here: E:/BaiduNetdiskDownload/E203_P3/E203_Zynq_7010/E203_Zynq_7010.runs/synth_2/runme.log
launch_runs impl_2 -jobs 16
[Wed Nov  9 02:50:04 2022] Launched impl_2...
Run output will be captured here: E:/BaiduNetdiskDownload/E203_P3/E203_Zynq_7010/E203_Zynq_7010.runs/impl_2/runme.log
launch_runs impl_2 -to_step write_bitstream -jobs 16
[Wed Nov  9 02:54:26 2022] Launched impl_2...
Run output will be captured here: E:/BaiduNetdiskDownload/E203_P3/E203_Zynq_7010/E203_Zynq_7010.runs/impl_2/runme.log
report_utilization -name utilization_1
open_hw_manager
connect_hw_server -allow_non_jtag
INFO: [Labtools 27-2285] Connecting to hw_server url TCP:localhost:3121
INFO: [Labtools 27-2222] Launching hw_server...
INFO: [Labtools 27-2221] Launch Output:

****** Xilinx hw_server v2019.2
  **** Build date : Nov  6 2019 at 22:12:23
    ** Copyright 1986-2019 Xilinx, Inc. All Rights Reserved.


INFO: [Labtools 27-3415] Connecting to cs_server url TCP:localhost:3042
INFO: [Labtools 27-3417] Launching cs_server...
INFO: [Labtools 27-2221] Launch Output:


****** Xilinx cs_server v2019.2.0
  **** Build date : Nov 07 2019-13:28:22
    ** Copyright 2017-2019 Xilinx, Inc. All Rights Reserved.



connect_hw_server: Time (s): cpu = 00:00:01 ; elapsed = 00:00:05 . Memory (MB): peak = 3736.008 ; gain = 0.000
open_hw_target
INFO: [Labtoolstcl 44-466] Opening hw_target localhost:3121/xilinx_tcf/Xilinx/00000000000000
set_property PROGRAM.FILE {E:/BaiduNetdiskDownload/E203_P3/E203_Zynq_7010/E203_Zynq_7010.runs/impl_1/aic_rv32.bit} [get_hw_devices xc7a35t_0]
current_hw_device [get_hw_devices xc7a35t_0]
refresh_hw_device -update_hw_probes false [lindex [get_hw_devices xc7a35t_0] 0]
INFO: [Labtools 27-1434] Device xc7a35t (JTAG device index = 0) is programmed with a design that has no supported debug core(s) in it.
create_hw_cfgmem -hw_device [get_hw_devices xc7a35t_0] -mem_dev [lindex [get_cfgmem_parts {mt25ql128-spi-x1_x2_x4}] 0]
write_cfgmem  -format mcs -size 128 -interface SPIx4 -loadbit {up 0x00000000 "E:/BaiduNetdiskDownload/E203_P3/E203_Zynq_7010/E203_Zynq_7010.runs/impl_2/aic_rv32.bit" } -checksum -force -disablebitswap -file "E:/BaiduNetdiskDownload/E203_P3/E203_Zynq_7010/E203_Zynq_7010.runs/impl_2/aic_rv32"
Command: write_cfgmem -format mcs -size 128 -interface SPIx4 -loadbit {up 0x00000000 "E:/BaiduNetdiskDownload/E203_P3/E203_Zynq_7010/E203_Zynq_7010.runs/impl_2/aic_rv32.bit" } -checksum -force -disablebitswap -file E:/BaiduNetdiskDownload/E203_P3/E203_Zynq_7010/E203_Zynq_7010.runs/impl_2/aic_rv32
Creating config memory files...
Creating bitstream load up from address 0x00000000
Loading bitfile E:/BaiduNetdiskDownload/E203_P3/E203_Zynq_7010/E203_Zynq_7010.runs/impl_2/aic_rv32.bit
Writing file E:/BaiduNetdiskDownload/E203_P3/E203_Zynq_7010/E203_Zynq_7010.runs/impl_2/aic_rv32.mcs
Writing log file E:/BaiduNetdiskDownload/E203_P3/E203_Zynq_7010/E203_Zynq_7010.runs/impl_2/aic_rv32.prm
===================================
Configuration Memory information
===================================
File Format        MCS
Interface          SPIX4
Size               128M
Start Address      0x00000000
End Address        0x07FFFFFF
Checksum           0xE4C895DD
Fill Value         0xFF

Addr1         Addr2         Date                    File(s)                                                                                   Checksum
0x00000000    0x0015127F    Nov  9 02:55:07 2022    E:/BaiduNetdiskDownload/E203_P3/E203_Zynq_7010/E203_Zynq_7010.runs/impl_2/aic_rv32.bit    0x01C6035D
File Checksum Total                                                                                                                           0x01C6035D
0 Infos, 0 Warnings, 0 Critical Warnings and 0 Errors encountered.
write_cfgmem completed successfully
set_property PROGRAM.ADDRESS_RANGE  {use_file} [ get_property PROGRAM.HW_CFGMEM [lindex [get_hw_devices xc7a35t_0] 0]]
set_property PROGRAM.FILES [list "E:/BaiduNetdiskDownload/E203_P3/E203_Zynq_7010/E203_Zynq_7010.runs/impl_2/aic_rv32.mcs" ] [ get_property PROGRAM.HW_CFGMEM [lindex [get_hw_devices xc7a35t_0] 0]]
set_property PROGRAM.PRM_FILE {E:/BaiduNetdiskDownload/E203_P3/E203_Zynq_7010/E203_Zynq_7010.runs/impl_2/aic_rv32.prm} [ get_property PROGRAM.HW_CFGMEM [lindex [get_hw_devices xc7a35t_0] 0]]
set_property PROGRAM.UNUSED_PIN_TERMINATION {pull-none} [ get_property PROGRAM.HW_CFGMEM [lindex [get_hw_devices xc7a35t_0] 0]]
set_property PROGRAM.BLANK_CHECK  0 [ get_property PROGRAM.HW_CFGMEM [lindex [get_hw_devices xc7a35t_0] 0]]
set_property PROGRAM.ERASE  1 [ get_property PROGRAM.HW_CFGMEM [lindex [get_hw_devices xc7a35t_0] 0]]
set_property PROGRAM.CFG_PROGRAM  1 [ get_property PROGRAM.HW_CFGMEM [lindex [get_hw_devices xc7a35t_0] 0]]
set_property PROGRAM.VERIFY  1 [ get_property PROGRAM.HW_CFGMEM [lindex [get_hw_devices xc7a35t_0] 0]]
set_property PROGRAM.CHECKSUM  0 [ get_property PROGRAM.HW_CFGMEM [lindex [get_hw_devices xc7a35t_0] 0]]
startgroup 
create_hw_bitstream -hw_device [lindex [get_hw_devices xc7a35t_0] 0] [get_property PROGRAM.HW_CFGMEM_BITFILE [ lindex [get_hw_devices xc7a35t_0] 0]]; program_hw_devices [lindex [get_hw_devices xc7a35t_0] 0]; refresh_hw_device [lindex [get_hw_devices xc7a35t_0] 0];
INFO: [Labtools 27-3164] End of startup status: HIGH
INFO: [Labtools 27-2302] Device xc7a35t (JTAG device index = 0) is programmed with a design that has 1 SPI core(s).
program_hw_cfgmem -hw_cfgmem [ get_property PROGRAM.HW_CFGMEM [lindex [get_hw_devices xc7a35t_0] 0]]
Mfg ID : 20   Memory Type : ba   Memory Capacity : 18   Device ID 1 : 0   Device ID 2 : 0
Performing Erase Operation...
Erase Operation successful.
Performing Program and Verify Operations...
Program/Verify Operation successful.
INFO: [Labtoolstcl 44-377] Flash programming completed successfully
program_hw_cfgmem: Time (s): cpu = 00:00:02 ; elapsed = 00:01:00 . Memory (MB): peak = 4219.527 ; gain = 0.000
endgroup
ERROR: [Labtoolstcl 44-513] HW Target shutdown. Closing target: localhost:3121/xilinx_tcf/Xilinx/00000000000000
INFO: [Labtoolstcl 44-466] Opening hw_target localhost:3121/xilinx_tcf/Xilinx/00000000000000
INFO: [Labtools 27-1434] Device xc7a35t (JTAG device index = 0) is programmed with a design that has no supported debug core(s) in it.
WARNING: [Labtoolstcl 44-129] No matching hw_ila_data was found.
ERROR: [Labtoolstcl 44-513] HW Target shutdown. Closing target: localhost:3121/xilinx_tcf/Xilinx/00000000000000
INFO: [Labtoolstcl 44-466] Opening hw_target localhost:3121/xilinx_tcf/Xilinx/00000000000000
INFO: [Labtools 27-1434] Device xc7a35t (JTAG device index = 0) is programmed with a design that has no supported debug core(s) in it.
WARNING: [Labtoolstcl 44-129] No matching hw_ila_data was found.
set_property PROGRAM.ADDRESS_RANGE  {use_file} [ get_property PROGRAM.HW_CFGMEM [lindex [get_hw_devices xc7a35t_0] 0]]
set_property PROGRAM.FILES [list "E:/BaiduNetdiskDownload/E203_P3/E203_Zynq_7010/E203_Zynq_7010.runs/impl_2/aic_rv32.mcs" ] [ get_property PROGRAM.HW_CFGMEM [lindex [get_hw_devices xc7a35t_0] 0]]
set_property PROGRAM.PRM_FILE {E:/BaiduNetdiskDownload/E203_P3/E203_Zynq_7010/E203_Zynq_7010.runs/impl_2/aic_rv32.prm} [ get_property PROGRAM.HW_CFGMEM [lindex [get_hw_devices xc7a35t_0] 0]]
set_property PROGRAM.UNUSED_PIN_TERMINATION {pull-none} [ get_property PROGRAM.HW_CFGMEM [lindex [get_hw_devices xc7a35t_0] 0]]
set_property PROGRAM.BLANK_CHECK  0 [ get_property PROGRAM.HW_CFGMEM [lindex [get_hw_devices xc7a35t_0] 0]]
set_property PROGRAM.ERASE  1 [ get_property PROGRAM.HW_CFGMEM [lindex [get_hw_devices xc7a35t_0] 0]]
set_property PROGRAM.CFG_PROGRAM  1 [ get_property PROGRAM.HW_CFGMEM [lindex [get_hw_devices xc7a35t_0] 0]]
set_property PROGRAM.VERIFY  1 [ get_property PROGRAM.HW_CFGMEM [lindex [get_hw_devices xc7a35t_0] 0]]
set_property PROGRAM.CHECKSUM  0 [ get_property PROGRAM.HW_CFGMEM [lindex [get_hw_devices xc7a35t_0] 0]]
startgroup 
create_hw_bitstream -hw_device [lindex [get_hw_devices xc7a35t_0] 0] [get_property PROGRAM.HW_CFGMEM_BITFILE [ lindex [get_hw_devices xc7a35t_0] 0]]; program_hw_devices [lindex [get_hw_devices xc7a35t_0] 0]; refresh_hw_device [lindex [get_hw_devices xc7a35t_0] 0];
INFO: [Labtools 27-3164] End of startup status: HIGH
INFO: [Labtools 27-2302] Device xc7a35t (JTAG device index = 0) is programmed with a design that has 1 SPI core(s).
program_hw_cfgmem -hw_cfgmem [ get_property PROGRAM.HW_CFGMEM [lindex [get_hw_devices xc7a35t_0] 0]]
Mfg ID : 20   Memory Type : ba   Memory Capacity : 18   Device ID 1 : 0   Device ID 2 : 0
Performing Erase Operation...
Erase Operation successful.
Performing Program and Verify Operations...
Program/Verify Operation successful.
INFO: [Labtoolstcl 44-377] Flash programming completed successfully
program_hw_cfgmem: Time (s): cpu = 00:00:02 ; elapsed = 00:01:00 . Memory (MB): peak = 4221.492 ; gain = 0.000
endgroup
ERROR: [Labtoolstcl 44-513] HW Target shutdown. Closing target: localhost:3121/xilinx_tcf/Xilinx/00000000000000
INFO: [Labtoolstcl 44-466] Opening hw_target localhost:3121/xilinx_tcf/Xilinx/00000000000000
INFO: [Labtools 27-1434] Device xc7a35t (JTAG device index = 0) is programmed with a design that has no supported debug core(s) in it.
WARNING: [Labtoolstcl 44-129] No matching hw_ila_data was found.
ERROR: [Labtoolstcl 44-513] HW Target shutdown. Closing target: localhost:3121/xilinx_tcf/Xilinx/00000000000000
INFO: [Labtoolstcl 44-466] Opening hw_target localhost:3121/xilinx_tcf/Xilinx/00000000000000
INFO: [Labtools 27-1434] Device xc7a35t (JTAG device index = 0) is programmed with a design that has no supported debug core(s) in it.
WARNING: [Labtoolstcl 44-129] No matching hw_ila_data was found.
ERROR: [Labtoolstcl 44-513] HW Target shutdown. Closing target: localhost:3121/xilinx_tcf/Xilinx/00000000000000
INFO: [Labtoolstcl 44-466] Opening hw_target localhost:3121/xilinx_tcf/Xilinx/00000000000000
INFO: [Labtools 27-1434] Device xc7a35t (JTAG device index = 0) is programmed with a design that has no supported debug core(s) in it.
WARNING: [Labtoolstcl 44-129] No matching hw_ila_data was found.
set_property PROGRAM.ADDRESS_RANGE  {use_file} [ get_property PROGRAM.HW_CFGMEM [lindex [get_hw_devices xc7a35t_0] 0]]
set_property PROGRAM.FILES [list "E:/BaiduNetdiskDownload/E203_P3/E203_Zynq_7010/E203_Zynq_7010.runs/impl_2/aic_rv32.mcs" ] [ get_property PROGRAM.HW_CFGMEM [lindex [get_hw_devices xc7a35t_0] 0]]
set_property PROGRAM.PRM_FILE {E:/BaiduNetdiskDownload/E203_P3/E203_Zynq_7010/E203_Zynq_7010.runs/impl_2/aic_rv32.prm} [ get_property PROGRAM.HW_CFGMEM [lindex [get_hw_devices xc7a35t_0] 0]]
set_property PROGRAM.UNUSED_PIN_TERMINATION {pull-none} [ get_property PROGRAM.HW_CFGMEM [lindex [get_hw_devices xc7a35t_0] 0]]
set_property PROGRAM.BLANK_CHECK  0 [ get_property PROGRAM.HW_CFGMEM [lindex [get_hw_devices xc7a35t_0] 0]]
set_property PROGRAM.ERASE  1 [ get_property PROGRAM.HW_CFGMEM [lindex [get_hw_devices xc7a35t_0] 0]]
set_property PROGRAM.CFG_PROGRAM  1 [ get_property PROGRAM.HW_CFGMEM [lindex [get_hw_devices xc7a35t_0] 0]]
set_property PROGRAM.VERIFY  1 [ get_property PROGRAM.HW_CFGMEM [lindex [get_hw_devices xc7a35t_0] 0]]
set_property PROGRAM.CHECKSUM  0 [ get_property PROGRAM.HW_CFGMEM [lindex [get_hw_devices xc7a35t_0] 0]]
startgroup 
create_hw_bitstream -hw_device [lindex [get_hw_devices xc7a35t_0] 0] [get_property PROGRAM.HW_CFGMEM_BITFILE [ lindex [get_hw_devices xc7a35t_0] 0]]; program_hw_devices [lindex [get_hw_devices xc7a35t_0] 0]; refresh_hw_device [lindex [get_hw_devices xc7a35t_0] 0];
INFO: [Labtools 27-3164] End of startup status: HIGH
INFO: [Labtools 27-2302] Device xc7a35t (JTAG device index = 0) is programmed with a design that has 1 SPI core(s).
program_hw_cfgmem -hw_cfgmem [ get_property PROGRAM.HW_CFGMEM [lindex [get_hw_devices xc7a35t_0] 0]]
Mfg ID : 20   Memory Type : ba   Memory Capacity : 18   Device ID 1 : 0   Device ID 2 : 0
Performing Erase Operation...
Erase Operation successful.
Performing Program and Verify Operations...
Program/Verify Operation successful.
INFO: [Labtoolstcl 44-377] Flash programming completed successfully
program_hw_cfgmem: Time (s): cpu = 00:00:02 ; elapsed = 00:01:00 . Memory (MB): peak = 4221.855 ; gain = 0.000
endgroup
ERROR: [Labtoolstcl 44-513] HW Target shutdown. Closing target: localhost:3121/xilinx_tcf/Xilinx/00000000000000
INFO: [Labtoolstcl 44-466] Opening hw_target localhost:3121/xilinx_tcf/Xilinx/00000000000000
INFO: [Labtools 27-1434] Device xc7a35t (JTAG device index = 0) is programmed with a design that has no supported debug core(s) in it.
WARNING: [Labtoolstcl 44-129] No matching hw_ila_data was found.
ERROR: [Labtoolstcl 44-513] HW Target shutdown. Closing target: localhost:3121/xilinx_tcf/Xilinx/00000000000000
INFO: [Labtoolstcl 44-466] Opening hw_target localhost:3121/xilinx_tcf/Xilinx/00000000000000
INFO: [Labtools 27-1434] Device xc7a35t (JTAG device index = 0) is programmed with a design that has no supported debug core(s) in it.
WARNING: [Labtoolstcl 44-129] No matching hw_ila_data was found.
ERROR: [Labtoolstcl 44-513] HW Target shutdown. Closing target: localhost:3121/xilinx_tcf/Xilinx/00000000000000
INFO: [Labtoolstcl 44-466] Opening hw_target localhost:3121/xilinx_tcf/Xilinx/00000000000000
INFO: [Labtools 27-1434] Device xc7a35t (JTAG device index = 0) is programmed with a design that has no supported debug core(s) in it.
WARNING: [Labtoolstcl 44-129] No matching hw_ila_data was found.
ERROR: [Labtoolstcl 44-513] HW Target shutdown. Closing target: localhost:3121/xilinx_tcf/Xilinx/00000000000000
INFO: [Labtoolstcl 44-466] Opening hw_target localhost:3121/xilinx_tcf/Xilinx/00000000000000
INFO: [Labtools 27-1434] Device xc7a35t (JTAG device index = 0) is programmed with a design that has no supported debug core(s) in it.
WARNING: [Labtoolstcl 44-129] No matching hw_ila_data was found.
set_property PROBES.FILE {} [get_hw_devices xc7a35t_0]
set_property FULL_PROBES.FILE {} [get_hw_devices xc7a35t_0]
set_property PROGRAM.FILE {E:/BaiduNetdiskDownload/E203_P3/E203_Zynq_7010/E203_Zynq_7010.runs/impl_2/aic_rv32.bit} [get_hw_devices xc7a35t_0]
program_hw_devices [get_hw_devices xc7a35t_0]
INFO: [Labtools 27-3164] End of startup status: HIGH
refresh_hw_device [lindex [get_hw_devices xc7a35t_0] 0]
INFO: [Labtools 27-1434] Device xc7a35t (JTAG device index = 0) is programmed with a design that has no supported debug core(s) in it.
ERROR: [Labtoolstcl 44-513] HW Target shutdown. Closing target: localhost:3121/xilinx_tcf/Xilinx/00000000000000
INFO: [Labtoolstcl 44-466] Opening hw_target localhost:3121/xilinx_tcf/Xilinx/00000000000000
INFO: [Labtools 27-1434] Device xc7a35t (JTAG device index = 0) is programmed with a design that has no supported debug core(s) in it.
WARNING: [Labtoolstcl 44-129] No matching hw_ila_data was found.
ERROR: [Labtoolstcl 44-513] HW Target shutdown. Closing target: localhost:3121/xilinx_tcf/Xilinx/00000000000000
INFO: [Labtoolstcl 44-466] Opening hw_target localhost:3121/xilinx_tcf/Xilinx/00000000000000
INFO: [Labtools 27-1434] Device xc7a35t (JTAG device index = 0) is programmed with a design that has no supported debug core(s) in it.
WARNING: [Labtoolstcl 44-129] No matching hw_ila_data was found.
set_property PROBES.FILE {} [get_hw_devices xc7a35t_0]
set_property FULL_PROBES.FILE {} [get_hw_devices xc7a35t_0]
set_property PROGRAM.FILE {E:/BaiduNetdiskDownload/E203_P3/E203_Zynq_7010/E203_Zynq_7010.runs/impl_2/aic_rv32.bit} [get_hw_devices xc7a35t_0]
program_hw_devices [get_hw_devices xc7a35t_0]
INFO: [Labtools 27-3164] End of startup status: HIGH
refresh_hw_device [lindex [get_hw_devices xc7a35t_0] 0]
INFO: [Labtools 27-1434] Device xc7a35t (JTAG device index = 0) is programmed with a design that has no supported debug core(s) in it.
ERROR: [Labtoolstcl 44-513] HW Target shutdown. Closing target: localhost:3121/xilinx_tcf/Xilinx/00000000000000
disconnect_hw_server localhost:3121
connect_hw_server -allow_non_jtag
INFO: [Labtools 27-2285] Connecting to hw_server url TCP:localhost:3121
INFO: [Labtools 27-3415] Connecting to cs_server url TCP:localhost:3042
INFO: [Labtools 27-3414] Connected to existing cs_server.
connect_hw_server: Time (s): cpu = 00:00:02 ; elapsed = 00:00:09 . Memory (MB): peak = 4221.863 ; gain = 0.000
open_hw_target
INFO: [Labtoolstcl 44-466] Opening hw_target localhost:3121/xilinx_tcf/Xilinx/00000000000000
set_property PROGRAM.FILE {E:/BaiduNetdiskDownload/E203_P3/E203_Zynq_7010/E203_Zynq_7010.runs/impl_2/aic_rv32.bit} [get_hw_devices xc7a35t_0]
current_hw_device [get_hw_devices xc7a35t_0]
refresh_hw_device -update_hw_probes false [lindex [get_hw_devices xc7a35t_0] 0]
INFO: [Labtools 27-1434] Device xc7a35t (JTAG device index = 0) is programmed with a design that has no supported debug core(s) in it.
create_hw_cfgmem -hw_device [get_hw_devices xc7a35t_0] -mem_dev [lindex [get_cfgmem_parts {mt25ql128-spi-x1_x2_x4}] 0]
set_property PROGRAM.ADDRESS_RANGE  {use_file} [ get_property PROGRAM.HW_CFGMEM [lindex [get_hw_devices xc7a35t_0] 0]]
set_property PROGRAM.FILES [list "E:/BaiduNetdiskDownload/E203_P3/E203_Zynq_7010/E203_Zynq_7010.runs/impl_2/aic_rv32.mcs" ] [ get_property PROGRAM.HW_CFGMEM [lindex [get_hw_devices xc7a35t_0] 0]]
set_property PROGRAM.PRM_FILE {E:/BaiduNetdiskDownload/E203_P3/E203_Zynq_7010/E203_Zynq_7010.runs/impl_2/aic_rv32.prm} [ get_property PROGRAM.HW_CFGMEM [lindex [get_hw_devices xc7a35t_0] 0]]
set_property PROGRAM.UNUSED_PIN_TERMINATION {pull-none} [ get_property PROGRAM.HW_CFGMEM [lindex [get_hw_devices xc7a35t_0] 0]]
set_property PROGRAM.BLANK_CHECK  0 [ get_property PROGRAM.HW_CFGMEM [lindex [get_hw_devices xc7a35t_0] 0]]
set_property PROGRAM.ERASE  1 [ get_property PROGRAM.HW_CFGMEM [lindex [get_hw_devices xc7a35t_0] 0]]
set_property PROGRAM.CFG_PROGRAM  1 [ get_property PROGRAM.HW_CFGMEM [lindex [get_hw_devices xc7a35t_0] 0]]
set_property PROGRAM.VERIFY  1 [ get_property PROGRAM.HW_CFGMEM [lindex [get_hw_devices xc7a35t_0] 0]]
set_property PROGRAM.CHECKSUM  0 [ get_property PROGRAM.HW_CFGMEM [lindex [get_hw_devices xc7a35t_0] 0]]
startgroup 
create_hw_bitstream -hw_device [lindex [get_hw_devices xc7a35t_0] 0] [get_property PROGRAM.HW_CFGMEM_BITFILE [ lindex [get_hw_devices xc7a35t_0] 0]]; program_hw_devices [lindex [get_hw_devices xc7a35t_0] 0]; refresh_hw_device [lindex [get_hw_devices xc7a35t_0] 0];
INFO: [Labtools 27-3164] End of startup status: HIGH
INFO: [Labtools 27-2302] Device xc7a35t (JTAG device index = 0) is programmed with a design that has 1 SPI core(s).
program_hw_cfgmem -hw_cfgmem [ get_property PROGRAM.HW_CFGMEM [lindex [get_hw_devices xc7a35t_0] 0]]
Mfg ID : 20   Memory Type : ba   Memory Capacity : 18   Device ID 1 : 0   Device ID 2 : 0
Performing Erase Operation...
Erase Operation successful.
Performing Program and Verify Operations...
Program/Verify Operation successful.
INFO: [Labtoolstcl 44-377] Flash programming completed successfully
program_hw_cfgmem: Time (s): cpu = 00:00:03 ; elapsed = 00:01:07 . Memory (MB): peak = 4221.863 ; gain = 0.000
endgroup
ERROR: [Labtoolstcl 44-513] HW Target shutdown. Closing target: localhost:3121/xilinx_tcf/Xilinx/00000000000000
INFO: [Labtoolstcl 44-466] Opening hw_target localhost:3121/xilinx_tcf/Xilinx/00000000000000
INFO: [Labtools 27-1434] Device xc7a35t (JTAG device index = 0) is programmed with a design that has no supported debug core(s) in it.
WARNING: [Labtoolstcl 44-129] No matching hw_ila_data was found.
ERROR: [Labtoolstcl 44-513] HW Target shutdown. Closing target: localhost:3121/xilinx_tcf/Xilinx/00000000000000
exit
INFO: [Common 17-206] Exiting Vivado at Thu Nov 10 01:30:13 2022...
